26-06-2020 12:37 DEBUG: Нет возможности обаботать событие: VkBotEventType.MESSAGE_TYPING_STATE
26-06-2020 12:37 DEBUG: User gets {'name': 'Приветствие', 'tokens': {'hello', 'здравству', 'здоров', 'hi', 'привет'}, 'scenario': None, 'answer': 'Здравствуйте! Я помогу вам с бронированием билетов на самолёт в нужные для вас даты!'}
26-06-2020 12:37 DEBUG: User gets {'name': 'Помощь', 'tokens': {'помощь', 'помоги', 'памаги', 'help', '/help'}, 'scenario': None, 'answer': 'Я помогу вам в выборе и бронировнии билетов на авиарейсы. \nДля бронирования вам необходимо написать мне с просьбой о бронировании'}
26-06-2020 12:37 DEBUG: User gets {'name': 'Бронирование', 'tokens': {'/ticket', 'ticket', 'бронир', 'бронь'}, 'scenario': 'ticket', 'answer': None}
26-06-2020 12:37 DEBUG: Нет возможности обаботать событие: VkBotEventType.MESSAGE_REPLY
23-08-2020 21:38 DEBUG: Нет возможности обаботать событие: VkBotEventType.MESSAGE_TYPING_STATE
23-08-2020 21:39 DEBUG: User gets {'name': 'Приветствие', 'tokens': {'здравству', 'привет', 'здоров', 'hi', 'hello'}, 'scenario': None, 'answer': 'Здравствуйте! Я помогу вам с бронированием билетов на самолёт в нужные для вас даты!'}
23-08-2020 21:39 DEBUG: User gets {'name': 'Помощь', 'tokens': {'памаги', 'help', '/help', 'помощь', 'помоги'}, 'scenario': None, 'answer': 'Я помогу вам в выборе и бронировнии билетов на авиарейсы. \nДля бронирования вам необходимо написать мне с просьбой о бронировании'}
23-08-2020 21:39 DEBUG: User gets {'name': 'Бронирование', 'tokens': {'/ticket', 'бронир', 'ticket', 'бронь'}, 'scenario': 'ticket', 'answer': None}
23-08-2020 21:39 DEBUG: Нет возможности обаботать событие: VkBotEventType.MESSAGE_REPLY
23-08-2020 21:39 DEBUG: Нет возможности обаботать событие: VkBotEventType.MESSAGE_TYPING_STATE
23-08-2020 21:39 DEBUG: Нет возможности обаботать событие: VkBotEventType.MESSAGE_TYPING_STATE
23-08-2020 21:39 DEBUG: Нет возможности обаботать событие: VkBotEventType.MESSAGE_TYPING_STATE
23-08-2020 21:39 DEBUG: User gets {'name': 'Приветствие', 'tokens': {'здравству', 'привет', 'здоров', 'hi', 'hello'}, 'scenario': None, 'answer': 'Здравствуйте! Я помогу вам с бронированием билетов на самолёт в нужные для вас даты!'}
23-08-2020 21:39 DEBUG: User gets {'name': 'Помощь', 'tokens': {'памаги', 'help', '/help', 'помощь', 'помоги'}, 'scenario': None, 'answer': 'Я помогу вам в выборе и бронировнии билетов на авиарейсы. \nДля бронирования вам необходимо написать мне с просьбой о бронировании'}
23-08-2020 21:39 DEBUG: Нет возможности обаботать событие: VkBotEventType.MESSAGE_REPLY
23-08-2020 21:39 DEBUG: Нет возможности обаботать событие: VkBotEventType.MESSAGE_TYPING_STATE
23-08-2020 21:39 DEBUG: User gets {'name': 'Приветствие', 'tokens': {'здравству', 'привет', 'здоров', 'hi', 'hello'}, 'scenario': None, 'answer': 'Здравствуйте! Я помогу вам с бронированием билетов на самолёт в нужные для вас даты!'}
23-08-2020 21:39 DEBUG: User gets {'name': 'Помощь', 'tokens': {'памаги', 'help', '/help', 'помощь', 'помоги'}, 'scenario': None, 'answer': 'Я помогу вам в выборе и бронировнии билетов на авиарейсы. \nДля бронирования вам необходимо написать мне с просьбой о бронировании'}
23-08-2020 21:39 DEBUG: User gets {'name': 'Бронирование', 'tokens': {'/ticket', 'бронир', 'ticket', 'бронь'}, 'scenario': 'ticket', 'answer': None}
23-08-2020 21:39 DEBUG: Нет возможности обаботать событие: VkBotEventType.MESSAGE_REPLY
23-08-2020 21:39 DEBUG: Нет возможности обаботать событие: VkBotEventType.MESSAGE_TYPING_STATE
23-08-2020 21:39 DEBUG: Нет возможности обаботать событие: VkBotEventType.MESSAGE_REPLY
23-08-2020 21:39 DEBUG: Нет возможности обаботать событие: VkBotEventType.MESSAGE_TYPING_STATE
23-08-2020 21:39 DEBUG: Нет возможности обаботать событие: VkBotEventType.MESSAGE_REPLY
23-08-2020 21:39 DEBUG: Нет возможности обаботать событие: VkBotEventType.MESSAGE_TYPING_STATE
23-08-2020 21:40 DEBUG: Нет возможности обаботать событие: VkBotEventType.MESSAGE_REPLY
23-08-2020 21:40 DEBUG: Нет возможности обаботать событие: VkBotEventType.MESSAGE_TYPING_STATE
23-08-2020 21:40 DEBUG: Нет возможности обаботать событие: VkBotEventType.MESSAGE_TYPING_STATE
23-08-2020 21:40 DEBUG: Нет возможности обаботать событие: VkBotEventType.MESSAGE_TYPING_STATE
23-08-2020 21:40 DEBUG: Нет возможности обаботать событие: VkBotEventType.MESSAGE_REPLY
23-08-2020 21:40 DEBUG: Нет возможности обаботать событие: VkBotEventType.MESSAGE_TYPING_STATE
23-08-2020 21:40 DEBUG: Нет возможности обаботать событие: VkBotEventType.MESSAGE_TYPING_STATE
23-08-2020 21:40 DEBUG: Нет возможности обаботать событие: VkBotEventType.MESSAGE_REPLY
28-08-2020 13:07 DEBUG: Нет возможности обаботать событие: VkBotEventType.MESSAGE_TYPING_STATE
28-08-2020 13:07 ERROR: Ошибка обработки события
Traceback (most recent call last):
  File "bot.py", line 70, in run
    self.on_event(event)
  File "<string>", line 2, in on_event
  File "C:\Users\dkozyukov\PycharmProjects\python_base\venv\lib\site-packages\pony\orm\core.py", line 528, in new_func
    result = func(*args, **kwargs)
  File "bot.py", line 86, in on_event
    state = UserState.get(user_id=user_id)
  File "C:\Users\dkozyukov\PycharmProjects\python_base\venv\lib\site-packages\pony\orm\core.py", line 4001, in get
    try: return entity._find_one_(kwargs)  # can throw MultipleObjectsFoundError
  File "C:\Users\dkozyukov\PycharmProjects\python_base\venv\lib\site-packages\pony\orm\core.py", line 4095, in _find_one_
    avdict[attr] = attr.validate(val, None, entity, from_db=False)
  File "C:\Users\dkozyukov\PycharmProjects\python_base\venv\lib\site-packages\pony\orm\core.py", line 2534, in validate
    val = Attribute.validate(attr, val, obj, entity, from_db)
  File "C:\Users\dkozyukov\PycharmProjects\python_base\venv\lib\site-packages\pony\orm\core.py", line 2205, in validate
    val = converter.validate(val, obj)
  File "C:\Users\dkozyukov\PycharmProjects\python_base\venv\lib\site-packages\pony\orm\dbapiprovider.py", line 463, in validate
    elif not isinstance(val, unicode): throw(TypeError,
  File "C:\Users\dkozyukov\PycharmProjects\python_base\venv\lib\site-packages\pony\utils\utils.py", line 106, in throw
    raise exc
TypeError: Value type for attribute UserState.user_id must be str. Got: <class 'int'>
28-08-2020 13:09 DEBUG: Нет возможности обаботать событие: VkBotEventType.MESSAGE_TYPING_STATE
28-08-2020 13:09 DEBUG: User gets {'name': 'Приветствие', 'tokens': {'hi', 'здоров', 'hello', 'здравству', 'привет'}, 'scenario': None, 'answer': 'Здравствуйте! Я помогу вам с бронированием билетов на самолёт в нужные для вас даты!'}
28-08-2020 13:09 DEBUG: User gets {'name': 'Помощь', 'tokens': {'/help', 'помощь', 'помоги', 'памаги', 'help'}, 'scenario': None, 'answer': 'Я помогу вам в выборе и бронировнии билетов на авиарейсы. \nДля бронирования вам необходимо написать мне с просьбой о бронировании'}
28-08-2020 13:09 DEBUG: User gets {'name': 'Бронирование', 'tokens': {'бронир', 'ticket', 'бронь', '/ticket'}, 'scenario': 'ticket', 'answer': None}
28-08-2020 13:09 DEBUG: Нет возможности обаботать событие: VkBotEventType.MESSAGE_REPLY
28-08-2020 13:11 DEBUG: Нет возможности обаботать событие: VkBotEventType.MESSAGE_TYPING_STATE
28-08-2020 13:11 DEBUG: User gets {'name': 'Приветствие', 'tokens': {'hi', 'здравству', 'здоров', 'hello', 'привет'}, 'scenario': None, 'answer': 'Здравствуйте! Я помогу вам с бронированием билетов на самолёт в нужные для вас даты!'}
28-08-2020 13:11 DEBUG: Нет возможности обаботать событие: VkBotEventType.MESSAGE_REPLY
28-08-2020 13:11 DEBUG: Нет возможности обаботать событие: VkBotEventType.MESSAGE_TYPING_STATE
28-08-2020 13:11 DEBUG: User gets {'name': 'Приветствие', 'tokens': {'hi', 'здравству', 'здоров', 'hello', 'привет'}, 'scenario': None, 'answer': 'Здравствуйте! Я помогу вам с бронированием билетов на самолёт в нужные для вас даты!'}
28-08-2020 13:11 DEBUG: User gets {'name': 'Помощь', 'tokens': {'помощь', 'памаги', 'помоги', '/help', 'help'}, 'scenario': None, 'answer': 'Я помогу вам в выборе и бронировнии билетов на авиарейсы. \nДля бронирования вам необходимо написать мне с просьбой о бронировании'}
28-08-2020 13:11 DEBUG: User gets {'name': 'Бронирование', 'tokens': {'ticket', 'бронь', 'бронир', '/ticket'}, 'scenario': 'ticket', 'answer': None}
28-08-2020 13:11 ERROR: Ошибка обработки события
Traceback (most recent call last):
  File "bot.py", line 70, in run
    self.on_event(event)
  File "<string>", line 2, in on_event
  File "C:\Users\dkozyukov\PycharmProjects\python_base\venv\lib\site-packages\pony\orm\core.py", line 528, in new_func
    result = func(*args, **kwargs)
  File "bot.py", line 97, in on_event
    text_to_send = self.start_scenario(str(user_id), intent['scenario'])
  File "bot.py", line 116, in start_scenario
    UserState(user_id=str(user_id), scenario_name=scenario_name, step_name=first_step, context={})
  File "C:\Users\dkozyukov\PycharmProjects\python_base\venv\lib\site-packages\pony\orm\core.py", line 4695, in __init__
    avdict[attr] = attr.validate(val, obj, from_db=False)
  File "C:\Users\dkozyukov\PycharmProjects\python_base\venv\lib\site-packages\pony\orm\core.py", line 2534, in validate
    val = Attribute.validate(attr, val, obj, entity, from_db)
  File "C:\Users\dkozyukov\PycharmProjects\python_base\venv\lib\site-packages\pony\orm\core.py", line 2205, in validate
    val = converter.validate(val, obj)
  File "C:\Users\dkozyukov\PycharmProjects\python_base\venv\lib\site-packages\pony\orm\dbapiprovider.py", line 538, in validate
    except ValueError: throw(ValueError,
  File "C:\Users\dkozyukov\PycharmProjects\python_base\venv\lib\site-packages\pony\utils\utils.py", line 106, in throw
    raise exc
ValueError: Value type for attribute UserState.step_name must be int. Got string 'step1'
28-08-2020 13:12 DEBUG: Нет возможности обаботать событие: VkBotEventType.MESSAGE_TYPING_STATE
28-08-2020 13:12 DEBUG: User gets {'name': 'Приветствие', 'tokens': {'привет', 'hello', 'hi', 'здоров', 'здравству'}, 'scenario': None, 'answer': 'Здравствуйте! Я помогу вам с бронированием билетов на самолёт в нужные для вас даты!'}
28-08-2020 13:12 DEBUG: User gets {'name': 'Помощь', 'tokens': {'/help', 'помощь', 'памаги', 'помоги', 'help'}, 'scenario': None, 'answer': 'Я помогу вам в выборе и бронировнии билетов на авиарейсы. \nДля бронирования вам необходимо написать мне с просьбой о бронировании'}
28-08-2020 13:12 DEBUG: User gets {'name': 'Бронирование', 'tokens': {'ticket', 'бронь', 'бронир', '/ticket'}, 'scenario': 'ticket', 'answer': None}
28-08-2020 13:12 DEBUG: Нет возможности обаботать событие: VkBotEventType.MESSAGE_REPLY
28-08-2020 13:14 DEBUG: Нет возможности обаботать событие: VkBotEventType.MESSAGE_TYPING_STATE
28-08-2020 13:14 DEBUG: Нет возможности обаботать событие: VkBotEventType.MESSAGE_REPLY
28-08-2020 13:14 DEBUG: Нет возможности обаботать событие: VkBotEventType.MESSAGE_TYPING_STATE
28-08-2020 13:14 DEBUG: Нет возможности обаботать событие: VkBotEventType.MESSAGE_REPLY
28-08-2020 13:15 DEBUG: Нет возможности обаботать событие: VkBotEventType.MESSAGE_TYPING_STATE
28-08-2020 13:15 DEBUG: Нет возможности обаботать событие: VkBotEventType.MESSAGE_REPLY
28-08-2020 13:15 DEBUG: Нет возможности обаботать событие: VkBotEventType.MESSAGE_TYPING_STATE
28-08-2020 13:15 DEBUG: Нет возможности обаботать событие: VkBotEventType.MESSAGE_REPLY
28-08-2020 13:16 DEBUG: Нет возможности обаботать событие: VkBotEventType.MESSAGE_EDIT
28-08-2020 13:16 DEBUG: Нет возможности обаботать событие: VkBotEventType.MESSAGE_EDIT
28-08-2020 13:16 DEBUG: Нет возможности обаботать событие: VkBotEventType.MESSAGE_EDIT
28-08-2020 13:20 DEBUG: Нет возможности обаботать событие: VkBotEventType.MESSAGE_TYPING_STATE
28-08-2020 13:20 DEBUG: Нет возможности обаботать событие: VkBotEventType.MESSAGE_REPLY
28-08-2020 13:20 DEBUG: Нет возможности обаботать событие: VkBotEventType.MESSAGE_TYPING_STATE
28-08-2020 13:20 DEBUG: Нет возможности обаботать событие: VkBotEventType.MESSAGE_REPLY
28-08-2020 13:20 DEBUG: Нет возможности обаботать событие: VkBotEventType.MESSAGE_TYPING_STATE
28-08-2020 13:20 DEBUG: Нет возможности обаботать событие: VkBotEventType.MESSAGE_REPLY
28-08-2020 13:20 DEBUG: Нет возможности обаботать событие: VkBotEventType.MESSAGE_TYPING_STATE
28-08-2020 13:20 DEBUG: Нет возможности обаботать событие: VkBotEventType.MESSAGE_REPLY
28-08-2020 13:21 DEBUG: Нет возможности обаботать событие: VkBotEventType.MESSAGE_TYPING_STATE
28-08-2020 13:21 DEBUG: Нет возможности обаботать событие: VkBotEventType.MESSAGE_REPLY
28-08-2020 13:23 DEBUG: Нет возможности обаботать событие: VkBotEventType.MESSAGE_TYPING_STATE
28-08-2020 13:23 DEBUG: Нет возможности обаботать событие: VkBotEventType.MESSAGE_REPLY
28-08-2020 13:26 DEBUG: Нет возможности обаботать событие: VkBotEventType.MESSAGE_TYPING_STATE
28-08-2020 13:26 DEBUG: Нет возможности обаботать событие: VkBotEventType.MESSAGE_REPLY
28-08-2020 13:26 DEBUG: Нет возможности обаботать событие: VkBotEventType.MESSAGE_TYPING_STATE
28-08-2020 13:26 DEBUG: Нет возможности обаботать событие: VkBotEventType.MESSAGE_REPLY
28-08-2020 13:27 DEBUG: Нет возможности обаботать событие: VkBotEventType.MESSAGE_TYPING_STATE
28-08-2020 13:27 DEBUG: Нет возможности обаботать событие: VkBotEventType.MESSAGE_REPLY
28-08-2020 13:27 DEBUG: Нет возможности обаботать событие: VkBotEventType.MESSAGE_TYPING_STATE
28-08-2020 13:27 DEBUG: Нет возможности обаботать событие: VkBotEventType.MESSAGE_REPLY
28-08-2020 13:28 DEBUG: Нет возможности обаботать событие: VkBotEventType.MESSAGE_TYPING_STATE
28-08-2020 13:28 DEBUG: Нет возможности обаботать событие: VkBotEventType.MESSAGE_REPLY
28-08-2020 13:28 INFO: Выполнена бронь! Отправление Москва, прибытие Берлин, дата 29-09-2020
28-08-2020 13:28 DEBUG: Нет возможности обаботать событие: VkBotEventType.MESSAGE_REPLY
28-08-2020 14:14 DEBUG: Нет возможности обаботать событие: VkBotEventType.MESSAGE_TYPING_STATE
28-08-2020 14:14 DEBUG: User gets {'name': 'Приветствие', 'tokens': {'здравству', 'hello', 'hi', 'здоров', 'привет'}, 'scenario': None, 'answer': 'Здравствуйте! Я помогу вам с бронированием билетов на самолёт в нужные для вас даты!'}
28-08-2020 14:14 DEBUG: Нет возможности обаботать событие: VkBotEventType.MESSAGE_REPLY
28-08-2020 14:14 DEBUG: Нет возможности обаботать событие: VkBotEventType.MESSAGE_TYPING_STATE
28-08-2020 14:15 DEBUG: User gets {'name': 'Приветствие', 'tokens': {'здравству', 'hello', 'hi', 'здоров', 'привет'}, 'scenario': None, 'answer': 'Здравствуйте! Я помогу вам с бронированием билетов на самолёт в нужные для вас даты!'}
28-08-2020 14:15 DEBUG: User gets {'name': 'Помощь', 'tokens': {'помощь', '/help', 'помоги', 'help', 'памаги'}, 'scenario': None, 'answer': 'Я помогу вам в выборе и бронировнии билетов на авиарейсы. \nДля бронирования вам необходимо написать мне с просьбой о бронировании'}
28-08-2020 14:15 DEBUG: User gets {'name': 'Бронирование', 'tokens': {'бронир', 'ticket', '/ticket', 'бронь'}, 'scenario': 'ticket', 'answer': None}
28-08-2020 14:15 DEBUG: Нет возможности обаботать событие: VkBotEventType.MESSAGE_REPLY
28-08-2020 14:15 DEBUG: Нет возможности обаботать событие: VkBotEventType.MESSAGE_REPLY
28-08-2020 14:15 DEBUG: Нет возможности обаботать событие: VkBotEventType.MESSAGE_TYPING_STATE
28-08-2020 14:15 DEBUG: Нет возможности обаботать событие: VkBotEventType.MESSAGE_REPLY
28-08-2020 14:15 DEBUG: Нет возможности обаботать событие: VkBotEventType.MESSAGE_TYPING_STATE
28-08-2020 14:15 DEBUG: Нет возможности обаботать событие: VkBotEventType.MESSAGE_REPLY
28-08-2020 14:15 DEBUG: Нет возможности обаботать событие: VkBotEventType.MESSAGE_TYPING_STATE
28-08-2020 14:15 DEBUG: Нет возможности обаботать событие: VkBotEventType.MESSAGE_REPLY
28-08-2020 14:15 DEBUG: Нет возможности обаботать событие: VkBotEventType.MESSAGE_REPLY
28-08-2020 14:15 DEBUG: Нет возможности обаботать событие: VkBotEventType.MESSAGE_TYPING_STATE
28-08-2020 14:15 DEBUG: Нет возможности обаботать событие: VkBotEventType.MESSAGE_REPLY
28-08-2020 14:15 DEBUG: Нет возможности обаботать событие: VkBotEventType.MESSAGE_TYPING_STATE
28-08-2020 14:15 DEBUG: Нет возможности обаботать событие: VkBotEventType.MESSAGE_REPLY
28-08-2020 14:15 ERROR: Ошибка обработки события
Traceback (most recent call last):
  File "bot.py", line 70, in run
    self.on_event(event)
  File "<string>", line 2, in on_event
  File "C:\Users\dkozyukov\PycharmProjects\python_base\venv\lib\site-packages\pony\orm\core.py", line 528, in new_func
    result = func(*args, **kwargs)
  File "bot.py", line 89, in on_event
    text_to_send = self.continue_scenario(text, state)
  File "bot.py", line 161, in continue_scenario
    comment=state.context['comment'] , mobile=state.context['mobile'])
KeyError: 'mobile'
28-08-2020 14:17 DEBUG: Нет возможности обаботать событие: VkBotEventType.MESSAGE_TYPING_STATE
28-08-2020 14:17 ERROR: Ошибка обработки события
Traceback (most recent call last):
  File "bot.py", line 70, in run
    self.on_event(event)
  File "<string>", line 2, in on_event
  File "C:\Users\dkozyukov\PycharmProjects\python_base\venv\lib\site-packages\pony\orm\core.py", line 528, in new_func
    result = func(*args, **kwargs)
  File "bot.py", line 89, in on_event
    text_to_send = self.continue_scenario(text, state)
  File "bot.py", line 161, in continue_scenario
    comment=state.context['comment'], mobile=state.context['mobile'])
KeyError: 'mobile'
28-08-2020 14:21 DEBUG: Нет возможности обаботать событие: VkBotEventType.MESSAGE_TYPING_STATE
28-08-2020 14:21 INFO: Выполнена бронь! Отправление Москва, прибытие Берлин, дата 17-09-2020
28-08-2020 14:21 DEBUG: Нет возможности обаботать событие: VkBotEventType.MESSAGE_REPLY
03-09-2020 11:28 DEBUG: Нет возможности обаботать событие: VkBotEventType.MESSAGE_TYPING_STATE
03-09-2020 11:28 DEBUG: User gets {'name': 'Приветствие', 'tokens': {'hello', 'здравству', 'hi', 'привет', 'здоров'}, 'scenario': None, 'answer': 'Здравствуйте! Я помогу вам с бронированием билетов на самолёт в нужные для вас даты!'}
03-09-2020 11:28 DEBUG: User gets {'name': 'Помощь', 'tokens': {'памаги', 'помоги', '/help', 'помощь', 'help'}, 'scenario': None, 'answer': 'Я помогу вам в выборе и бронировнии билетов на авиарейсы. \nДля бронирования вам необходимо написать мне с просьбой о бронировании'}
03-09-2020 11:28 DEBUG: User gets {'name': 'Бронирование', 'tokens': {'бронир', 'бронь', 'ticket', '/ticket'}, 'scenario': 'ticket', 'answer': None}
03-09-2020 11:28 DEBUG: Нет возможности обаботать событие: VkBotEventType.MESSAGE_REPLY
03-09-2020 11:28 DEBUG: Нет возможности обаботать событие: VkBotEventType.MESSAGE_TYPING_STATE
03-09-2020 11:28 DEBUG: Нет возможности обаботать событие: VkBotEventType.MESSAGE_TYPING_STATE
03-09-2020 11:28 DEBUG: User gets {'name': 'Приветствие', 'tokens': {'hello', 'здравству', 'hi', 'привет', 'здоров'}, 'scenario': None, 'answer': 'Здравствуйте! Я помогу вам с бронированием билетов на самолёт в нужные для вас даты!'}
03-09-2020 11:28 DEBUG: User gets {'name': 'Помощь', 'tokens': {'памаги', 'помоги', '/help', 'помощь', 'help'}, 'scenario': None, 'answer': 'Я помогу вам в выборе и бронировнии билетов на авиарейсы. \nДля бронирования вам необходимо написать мне с просьбой о бронировании'}
03-09-2020 11:28 DEBUG: User gets {'name': 'Бронирование', 'tokens': {'бронир', 'бронь', 'ticket', '/ticket'}, 'scenario': 'ticket', 'answer': None}
03-09-2020 11:28 DEBUG: Нет возможности обаботать событие: VkBotEventType.MESSAGE_REPLY
03-09-2020 11:28 DEBUG: Нет возможности обаботать событие: VkBotEventType.MESSAGE_TYPING_STATE
03-09-2020 11:34 DEBUG: Нет возможности обаботать событие: VkBotEventType.MESSAGE_TYPING_STATE
03-09-2020 11:34 DEBUG: User gets {'name': 'Приветствие', 'tokens': {'hi', 'привет', 'здравству', 'hello', 'здоров'}, 'scenario': None, 'answer': 'Здравствуйте! Я помогу вам с бронированием билетов на самолёт в нужные для вас даты!'}
03-09-2020 11:34 DEBUG: User gets {'name': 'Помощь', 'tokens': {'help', 'помоги', 'помощь', '/help', 'памаги'}, 'scenario': None, 'answer': 'Я помогу вам в выборе и бронировнии билетов на авиарейсы. \nДля бронирования вам необходимо написать мне с просьбой о бронировании'}
03-09-2020 11:34 DEBUG: User gets {'name': 'Бронирование', 'tokens': {'бронир', '/ticket', 'ticket', 'бронь'}, 'scenario': 'ticket', 'answer': None}
03-09-2020 11:34 DEBUG: Нет возможности обаботать событие: VkBotEventType.MESSAGE_REPLY
03-09-2020 11:34 DEBUG: Нет возможности обаботать событие: VkBotEventType.MESSAGE_TYPING_STATE
03-09-2020 11:34 DEBUG: Нет возможности обаботать событие: VkBotEventType.MESSAGE_REPLY
03-09-2020 11:34 DEBUG: Нет возможности обаботать событие: VkBotEventType.MESSAGE_TYPING_STATE
03-09-2020 11:34 DEBUG: Нет возможности обаботать событие: VkBotEventType.MESSAGE_REPLY
03-09-2020 11:34 DEBUG: Нет возможности обаботать событие: VkBotEventType.MESSAGE_TYPING_STATE
03-09-2020 11:34 DEBUG: Нет возможности обаботать событие: VkBotEventType.MESSAGE_TYPING_STATE
03-09-2020 11:34 DEBUG: Нет возможности обаботать событие: VkBotEventType.MESSAGE_REPLY
03-09-2020 11:34 DEBUG: Нет возможности обаботать событие: VkBotEventType.MESSAGE_TYPING_STATE
03-09-2020 11:34 DEBUG: Нет возможности обаботать событие: VkBotEventType.MESSAGE_REPLY
03-09-2020 11:35 DEBUG: Нет возможности обаботать событие: VkBotEventType.MESSAGE_REPLY
03-09-2020 11:35 DEBUG: Нет возможности обаботать событие: VkBotEventType.MESSAGE_TYPING_STATE
03-09-2020 11:35 DEBUG: Нет возможности обаботать событие: VkBotEventType.MESSAGE_REPLY
03-09-2020 11:37 DEBUG: Нет возможности обаботать событие: VkBotEventType.MESSAGE_TYPING_STATE
03-09-2020 11:37 DEBUG: User gets {'name': 'Приветствие', 'tokens': {'здравству', 'здоров', 'hi', 'hello', 'привет'}, 'scenario': None, 'answer': 'Здравствуйте! Я помогу вам с бронированием билетов на самолёт в нужные для вас даты!'}
03-09-2020 11:37 DEBUG: User gets {'name': 'Помощь', 'tokens': {'памаги', 'help', 'помоги', 'помощь', '/help'}, 'scenario': None, 'answer': 'Я помогу вам в выборе и бронировнии билетов на авиарейсы. \nДля бронирования вам необходимо написать мне с просьбой о бронировании'}
03-09-2020 11:37 DEBUG: User gets {'name': 'Бронирование', 'tokens': {'бронир', 'ticket', 'бронь', '/ticket'}, 'scenario': 'ticket', 'answer': None}
03-09-2020 11:37 DEBUG: Нет возможности обаботать событие: VkBotEventType.MESSAGE_REPLY
03-09-2020 11:37 DEBUG: Нет возможности обаботать событие: VkBotEventType.MESSAGE_TYPING_STATE
03-09-2020 11:38 DEBUG: Нет возможности обаботать событие: VkBotEventType.MESSAGE_REPLY
03-09-2020 11:38 DEBUG: Нет возможности обаботать событие: VkBotEventType.MESSAGE_TYPING_STATE
03-09-2020 12:09 DEBUG: Нет возможности обаботать событие: VkBotEventType.MESSAGE_TYPING_STATE
03-09-2020 12:09 DEBUG: User gets {'name': 'Приветствие', 'tokens': {'hi', 'hello', 'здравству', 'привет', 'здоров'}, 'scenario': None, 'answer': 'Здравствуйте! Я помогу вам с бронированием билетов на самолёт в нужные для вас даты!'}
03-09-2020 12:09 DEBUG: Нет возможности обаботать событие: VkBotEventType.MESSAGE_REPLY
03-09-2020 12:09 DEBUG: User gets {'name': 'Приветствие', 'tokens': {'hi', 'hello', 'здравству', 'привет', 'здоров'}, 'scenario': None, 'answer': 'Здравствуйте! Я помогу вам с бронированием билетов на самолёт в нужные для вас даты!'}
03-09-2020 12:09 DEBUG: User gets {'name': 'Помощь', 'tokens': {'help', 'памаги', 'помоги', 'помощь', '/help'}, 'scenario': None, 'answer': 'Я помогу вам в выборе и бронировнии билетов на авиарейсы. \nДля бронирования вам необходимо написать мне с просьбой о бронировании'}
03-09-2020 12:09 DEBUG: User gets {'name': 'Бронирование', 'tokens': {'/ticket', 'ticket', 'бронь', 'бронир'}, 'scenario': 'ticket', 'answer': None}
03-09-2020 12:09 DEBUG: Нет возможности обаботать событие: VkBotEventType.MESSAGE_REPLY
03-09-2020 12:09 DEBUG: Нет возможности обаботать событие: VkBotEventType.MESSAGE_TYPING_STATE
03-09-2020 12:09 DEBUG: Нет возможности обаботать событие: VkBotEventType.MESSAGE_REPLY
03-09-2020 12:09 DEBUG: Нет возможности обаботать событие: VkBotEventType.MESSAGE_TYPING_STATE
03-09-2020 12:09 DEBUG: Нет возможности обаботать событие: VkBotEventType.MESSAGE_REPLY
03-09-2020 12:09 DEBUG: Нет возможности обаботать событие: VkBotEventType.MESSAGE_TYPING_STATE
03-09-2020 12:09 DEBUG: Нет возможности обаботать событие: VkBotEventType.MESSAGE_REPLY
03-09-2020 12:09 DEBUG: Нет возможности обаботать событие: VkBotEventType.MESSAGE_TYPING_STATE
03-09-2020 12:09 DEBUG: Нет возможности обаботать событие: VkBotEventType.MESSAGE_REPLY
03-09-2020 12:09 DEBUG: Нет возможности обаботать событие: VkBotEventType.MESSAGE_TYPING_STATE
03-09-2020 12:09 DEBUG: Нет возможности обаботать событие: VkBotEventType.MESSAGE_REPLY
03-09-2020 12:09 DEBUG: Нет возможности обаботать событие: VkBotEventType.MESSAGE_TYPING_STATE
03-09-2020 12:09 DEBUG: Нет возможности обаботать событие: VkBotEventType.MESSAGE_REPLY
03-09-2020 12:09 DEBUG: Нет возможности обаботать событие: VkBotEventType.MESSAGE_REPLY
03-09-2020 12:09 DEBUG: Нет возможности обаботать событие: VkBotEventType.MESSAGE_TYPING_STATE
03-09-2020 12:09 DEBUG: Нет возможности обаботать событие: VkBotEventType.MESSAGE_REPLY
03-09-2020 12:10 DEBUG: Нет возможности обаботать событие: VkBotEventType.MESSAGE_TYPING_STATE
03-09-2020 12:10 DEBUG: Нет возможности обаботать событие: VkBotEventType.MESSAGE_REPLY
03-09-2020 12:10 DEBUG: Нет возможности обаботать событие: VkBotEventType.MESSAGE_REPLY
03-09-2020 12:10 DEBUG: Нет возможности обаботать событие: VkBotEventType.MESSAGE_TYPING_STATE
03-09-2020 12:10 INFO: Выполнена бронь! Отправление Москва, прибытие Берлин, дата 17-09-2020
03-09-2020 12:10 DEBUG: Нет возможности обаботать событие: VkBotEventType.MESSAGE_REPLY
03-09-2020 16:12 DEBUG: Нет возможности обаботать событие: VkBotEventType.MESSAGE_TYPING_STATE
03-09-2020 16:12 DEBUG: Нет возможности обаботать событие: VkBotEventType.MESSAGE_TYPING_STATE
03-09-2020 16:12 DEBUG: User gets {'name': 'Приветствие', 'tokens': {'здоров', 'hello', 'hi', 'привет', 'здравству'}, 'scenario': None, 'answer': 'Здравствуйте! Я помогу вам с бронированием билетов на самолёт в нужные для вас даты!'}
03-09-2020 16:12 DEBUG: User gets {'name': 'Помощь', 'tokens': {'помоги', 'help', 'помощь', '/help', 'памаги'}, 'scenario': None, 'answer': 'Я помогу вам в выборе и бронировнии билетов на авиарейсы. \nДля бронирования вам необходимо написать мне с просьбой о бронировании'}
03-09-2020 16:12 DEBUG: User gets {'name': 'Бронирование', 'tokens': {'бронир', 'ticket', 'бронь', '/ticket'}, 'scenario': 'ticket', 'answer': None}
03-09-2020 16:12 DEBUG: Нет возможности обаботать событие: VkBotEventType.MESSAGE_REPLY
03-09-2020 16:12 DEBUG: Нет возможности обаботать событие: VkBotEventType.MESSAGE_TYPING_STATE
03-09-2020 16:12 DEBUG: Нет возможности обаботать событие: VkBotEventType.MESSAGE_REPLY
03-09-2020 16:15 DEBUG: Нет возможности обаботать событие: VkBotEventType.MESSAGE_TYPING_STATE
03-09-2020 16:15 DEBUG: Нет возможности обаботать событие: VkBotEventType.MESSAGE_REPLY
03-09-2020 16:15 DEBUG: Нет возможности обаботать событие: VkBotEventType.MESSAGE_TYPING_STATE
03-09-2020 16:15 DEBUG: Нет возможности обаботать событие: VkBotEventType.MESSAGE_REPLY
03-09-2020 16:15 DEBUG: Нет возможности обаботать событие: VkBotEventType.MESSAGE_TYPING_STATE
03-09-2020 16:16 DEBUG: Нет возможности обаботать событие: VkBotEventType.MESSAGE_REPLY
03-09-2020 16:16 DEBUG: Нет возможности обаботать событие: VkBotEventType.MESSAGE_TYPING_STATE
03-09-2020 16:16 DEBUG: Нет возможности обаботать событие: VkBotEventType.MESSAGE_REPLY
03-09-2020 16:16 DEBUG: Нет возможности обаботать событие: VkBotEventType.MESSAGE_TYPING_STATE
03-09-2020 16:22 ERROR: Ошибка обработки события
Traceback (most recent call last):
  File "C:/Users/dkozyukov/PycharmProjects/python_base/chatbot/bot.py", line 70, in run
    self.on_event(event)
  File "<string>", line 2, in on_event
  File "C:\Users\dkozyukov\PycharmProjects\python_base\venv\lib\site-packages\pony\orm\core.py", line 528, in new_func
    result = func(*args, **kwargs)
  File "C:/Users/dkozyukov/PycharmProjects/python_base/chatbot/bot.py", line 89, in on_event
    self.continue_scenario(text, state, user_id)
  File "C:/Users/dkozyukov/PycharmProjects/python_base/chatbot/bot.py", line 139, in continue_scenario
    # self.send_text(text_to_send, user_id)
  File "C:/Users/dkozyukov/PycharmProjects/python_base/chatbot/bot.py", line 108, in send_text
    self.api.messages.send(message=text_to_send,
  File "C:\Users\dkozyukov\PycharmProjects\python_base\venv\lib\site-packages\vk_api\vk_api.py", line 681, in __call__
    return self._vk.method(self._method, kwargs)
  File "C:\Users\dkozyukov\PycharmProjects\python_base\venv\lib\site-packages\vk_api\vk_api.py", line 646, in method
    raise error
vk_api.exceptions.ApiError: [100] One of the parameters specified was missing or invalid: message is empty or invalid
03-09-2020 16:22 DEBUG: Нет возможности обаботать событие: VkBotEventType.MESSAGE_TYPING_STATE
03-09-2020 16:22 DEBUG: Нет возможности обаботать событие: VkBotEventType.MESSAGE_REPLY
03-09-2020 16:24 DEBUG: Нет возможности обаботать событие: VkBotEventType.MESSAGE_TYPING_STATE
03-09-2020 16:24 DEBUG: User gets {'name': 'Приветствие', 'tokens': {'здравству', 'hi', 'здоров', 'привет', 'hello'}, 'scenario': None, 'answer': 'Здравствуйте! Я помогу вам с бронированием билетов на самолёт в нужные для вас даты!'}
03-09-2020 16:24 DEBUG: User gets {'name': 'Помощь', 'tokens': {'памаги', 'help', 'помоги', '/help', 'помощь'}, 'scenario': None, 'answer': 'Я помогу вам в выборе и бронировнии билетов на авиарейсы. \nДля бронирования вам необходимо написать мне с просьбой о бронировании'}
03-09-2020 16:24 DEBUG: User gets {'name': 'Бронирование', 'tokens': {'/ticket', 'бронир', 'бронь', 'ticket'}, 'scenario': 'ticket', 'answer': None}
03-09-2020 16:24 DEBUG: Нет возможности обаботать событие: VkBotEventType.MESSAGE_REPLY
03-09-2020 16:24 DEBUG: User gets {'name': 'Приветствие', 'tokens': {'здравству', 'hi', 'здоров', 'привет', 'hello'}, 'scenario': None, 'answer': 'Здравствуйте! Я помогу вам с бронированием билетов на самолёт в нужные для вас даты!'}
03-09-2020 16:24 ERROR: Ошибка обработки события
Traceback (most recent call last):
  File "C:/Users/dkozyukov/PycharmProjects/python_base/chatbot/bot.py", line 70, in run
    self.on_event(event)
  File "<string>", line 2, in on_event
  File "C:\Users\dkozyukov\PycharmProjects\python_base\venv\lib\site-packages\pony\orm\core.py", line 528, in new_func
    result = func(*args, **kwargs)
  File "C:/Users/dkozyukov/PycharmProjects/python_base/chatbot/bot.py", line 96, in on_event
    self.send_text(intent['answer'], event)
  File "C:/Users/dkozyukov/PycharmProjects/python_base/chatbot/bot.py", line 108, in send_text
    self.api.messages.send(message=text_to_send,
  File "C:\Users\dkozyukov\PycharmProjects\python_base\venv\lib\site-packages\vk_api\vk_api.py", line 681, in __call__
    return self._vk.method(self._method, kwargs)
  File "C:\Users\dkozyukov\PycharmProjects\python_base\venv\lib\site-packages\vk_api\vk_api.py", line 646, in method
    raise error
vk_api.exceptions.ApiError: [100] One of the parameters specified was missing or invalid: peer_id not integer
03-09-2020 16:25 DEBUG: Нет возможности обаботать событие: VkBotEventType.MESSAGE_TYPING_STATE
03-09-2020 16:25 DEBUG: User gets {'name': 'Приветствие', 'tokens': {'здравству', 'здоров', 'hello', 'hi', 'привет'}, 'scenario': None, 'answer': 'Здравствуйте! Я помогу вам с бронированием билетов на самолёт в нужные для вас даты!'}
03-09-2020 16:25 DEBUG: User gets {'name': 'Помощь', 'tokens': {'/help', 'памаги', 'помощь', 'help', 'помоги'}, 'scenario': None, 'answer': 'Я помогу вам в выборе и бронировнии билетов на авиарейсы. \nДля бронирования вам необходимо написать мне с просьбой о бронировании'}
03-09-2020 16:25 DEBUG: User gets {'name': 'Бронирование', 'tokens': {'бронь', 'ticket', '/ticket', 'бронир'}, 'scenario': 'ticket', 'answer': None}
03-09-2020 16:25 DEBUG: Нет возможности обаботать событие: VkBotEventType.MESSAGE_REPLY
03-09-2020 16:26 DEBUG: Нет возможности обаботать событие: VkBotEventType.MESSAGE_TYPING_STATE
03-09-2020 16:26 DEBUG: User gets {'name': 'Приветствие', 'tokens': {'здравству', 'здоров', 'hello', 'hi', 'привет'}, 'scenario': None, 'answer': 'Здравствуйте! Я помогу вам с бронированием билетов на самолёт в нужные для вас даты!'}
03-09-2020 16:26 ERROR: Ошибка обработки события
Traceback (most recent call last):
  File "C:/Users/dkozyukov/PycharmProjects/python_base/chatbot/bot.py", line 70, in run
    self.on_event(event)
  File "<string>", line 2, in on_event
  File "C:\Users\dkozyukov\PycharmProjects\python_base\venv\lib\site-packages\pony\orm\core.py", line 528, in new_func
    result = func(*args, **kwargs)
  File "C:/Users/dkozyukov/PycharmProjects/python_base/chatbot/bot.py", line 96, in on_event
    self.send_text(intent['answer'], event)
  File "C:/Users/dkozyukov/PycharmProjects/python_base/chatbot/bot.py", line 108, in send_text
    self.api.messages.send(message=text_to_send,
  File "C:\Users\dkozyukov\PycharmProjects\python_base\venv\lib\site-packages\vk_api\vk_api.py", line 681, in __call__
    return self._vk.method(self._method, kwargs)
  File "C:\Users\dkozyukov\PycharmProjects\python_base\venv\lib\site-packages\vk_api\vk_api.py", line 646, in method
    raise error
vk_api.exceptions.ApiError: [100] One of the parameters specified was missing or invalid: peer_id not integer
03-09-2020 16:27 DEBUG: Нет возможности обаботать событие: VkBotEventType.MESSAGE_TYPING_STATE
03-09-2020 16:27 DEBUG: User gets {'name': 'Приветствие', 'tokens': {'hello', 'hi', 'привет', 'здоров', 'здравству'}, 'scenario': None, 'answer': 'Здравствуйте! Я помогу вам с бронированием билетов на самолёт в нужные для вас даты!'}
03-09-2020 16:27 DEBUG: User gets {'name': 'Помощь', 'tokens': {'help', '/help', 'помоги', 'помощь', 'памаги'}, 'scenario': None, 'answer': 'Я помогу вам в выборе и бронировнии билетов на авиарейсы. \nДля бронирования вам необходимо написать мне с просьбой о бронировании'}
03-09-2020 16:27 DEBUG: User gets {'name': 'Бронирование', 'tokens': {'бронир', '/ticket', 'бронь', 'ticket'}, 'scenario': 'ticket', 'answer': None}
03-09-2020 16:27 DEBUG: Нет возможности обаботать событие: VkBotEventType.MESSAGE_REPLY
03-09-2020 16:27 DEBUG: User gets {'name': 'Приветствие', 'tokens': {'hello', 'hi', 'привет', 'здоров', 'здравству'}, 'scenario': None, 'answer': 'Здравствуйте! Я помогу вам с бронированием билетов на самолёт в нужные для вас даты!'}
03-09-2020 16:27 ERROR: Ошибка обработки события
Traceback (most recent call last):
  File "C:/Users/dkozyukov/PycharmProjects/python_base/chatbot/bot.py", line 70, in run
    self.on_event(event)
  File "<string>", line 2, in on_event
  File "C:\Users\dkozyukov\PycharmProjects\python_base\venv\lib\site-packages\pony\orm\core.py", line 528, in new_func
    result = func(*args, **kwargs)
  File "C:/Users/dkozyukov/PycharmProjects/python_base/chatbot/bot.py", line 96, in on_event
    self.send_text(intent['answer'], event)
  File "C:/Users/dkozyukov/PycharmProjects/python_base/chatbot/bot.py", line 108, in send_text
    self.api.messages.send(message=text_to_send,
  File "C:\Users\dkozyukov\PycharmProjects\python_base\venv\lib\site-packages\vk_api\vk_api.py", line 681, in __call__
    return self._vk.method(self._method, kwargs)
  File "C:\Users\dkozyukov\PycharmProjects\python_base\venv\lib\site-packages\vk_api\vk_api.py", line 646, in method
    raise error
vk_api.exceptions.ApiError: [100] One of the parameters specified was missing or invalid: peer_id not integer
03-09-2020 16:27 DEBUG: Нет возможности обаботать событие: VkBotEventType.MESSAGE_TYPING_STATE
03-09-2020 16:27 DEBUG: User gets {'name': 'Приветствие', 'tokens': {'hello', 'привет', 'здравству', 'здоров', 'hi'}, 'scenario': None, 'answer': 'Здравствуйте! Я помогу вам с бронированием билетов на самолёт в нужные для вас даты!'}
03-09-2020 16:28 ERROR: Ошибка обработки события
Traceback (most recent call last):
  File "C:/Users/dkozyukov/PycharmProjects/python_base/chatbot/bot.py", line 70, in run
    self.on_event(event)
  File "<string>", line 2, in on_event
  File "C:\Users\dkozyukov\PycharmProjects\python_base\venv\lib\site-packages\pony\orm\core.py", line 528, in new_func
    result = func(*args, **kwargs)
  File "C:/Users/dkozyukov/PycharmProjects/python_base/chatbot/bot.py", line 96, in on_event
    self.send_text(intent['answer'], event)
  File "C:/Users/dkozyukov/PycharmProjects/python_base/chatbot/bot.py", line 108, in send_text
    self.api.messages.send(message=text_to_send,
  File "C:\Users\dkozyukov\PycharmProjects\python_base\venv\lib\site-packages\vk_api\vk_api.py", line 681, in __call__
    return self._vk.method(self._method, kwargs)
  File "C:\Users\dkozyukov\PycharmProjects\python_base\venv\lib\site-packages\vk_api\vk_api.py", line 646, in method
    raise error
vk_api.exceptions.ApiError: [100] One of the parameters specified was missing or invalid: peer_id not integer
03-09-2020 16:28 DEBUG: Нет возможности обаботать событие: VkBotEventType.MESSAGE_TYPING_STATE
03-09-2020 16:29 DEBUG: Нет возможности обаботать событие: VkBotEventType.MESSAGE_TYPING_STATE
03-09-2020 16:29 DEBUG: User gets {'name': 'Приветствие', 'tokens': {'здоров', 'здравству', 'hello', 'hi', 'привет'}, 'scenario': None, 'answer': 'Здравствуйте! Я помогу вам с бронированием билетов на самолёт в нужные для вас даты!'}
03-09-2020 16:29 DEBUG: Нет возможности обаботать событие: VkBotEventType.MESSAGE_REPLY
03-09-2020 16:29 DEBUG: Нет возможности обаботать событие: VkBotEventType.MESSAGE_TYPING_STATE
03-09-2020 16:29 DEBUG: User gets {'name': 'Приветствие', 'tokens': {'здоров', 'здравству', 'hello', 'hi', 'привет'}, 'scenario': None, 'answer': 'Здравствуйте! Я помогу вам с бронированием билетов на самолёт в нужные для вас даты!'}
03-09-2020 16:29 DEBUG: User gets {'name': 'Помощь', 'tokens': {'помоги', 'help', 'памаги', 'помощь', '/help'}, 'scenario': None, 'answer': 'Я помогу вам в выборе и бронировнии билетов на авиарейсы. \nДля бронирования вам необходимо написать мне с просьбой о бронировании'}
03-09-2020 16:29 DEBUG: User gets {'name': 'Бронирование', 'tokens': {'ticket', '/ticket', 'бронир', 'бронь'}, 'scenario': 'ticket', 'answer': None}
03-09-2020 16:29 DEBUG: Нет возможности обаботать событие: VkBotEventType.MESSAGE_REPLY
03-09-2020 16:29 DEBUG: Нет возможности обаботать событие: VkBotEventType.MESSAGE_REPLY
03-09-2020 16:29 DEBUG: Нет возможности обаботать событие: VkBotEventType.MESSAGE_TYPING_STATE
03-09-2020 16:29 DEBUG: Нет возможности обаботать событие: VkBotEventType.MESSAGE_TYPING_STATE
03-09-2020 16:29 DEBUG: Нет возможности обаботать событие: VkBotEventType.MESSAGE_REPLY
03-09-2020 16:29 DEBUG: Нет возможности обаботать событие: VkBotEventType.MESSAGE_TYPING_STATE
03-09-2020 16:29 DEBUG: Нет возможности обаботать событие: VkBotEventType.MESSAGE_REPLY
03-09-2020 16:29 DEBUG: Нет возможности обаботать событие: VkBotEventType.MESSAGE_REPLY
03-09-2020 16:29 DEBUG: Нет возможности обаботать событие: VkBotEventType.MESSAGE_TYPING_STATE
03-09-2020 16:29 DEBUG: Нет возможности обаботать событие: VkBotEventType.MESSAGE_REPLY
03-09-2020 16:29 DEBUG: Нет возможности обаботать событие: VkBotEventType.MESSAGE_REPLY
03-09-2020 16:29 DEBUG: Нет возможности обаботать событие: VkBotEventType.MESSAGE_TYPING_STATE
03-09-2020 16:29 DEBUG: Нет возможности обаботать событие: VkBotEventType.MESSAGE_REPLY
03-09-2020 16:30 DEBUG: Нет возможности обаботать событие: VkBotEventType.MESSAGE_TYPING_STATE
03-09-2020 16:30 DEBUG: Нет возможности обаботать событие: VkBotEventType.MESSAGE_REPLY
03-09-2020 16:30 DEBUG: Нет возможности обаботать событие: VkBotEventType.MESSAGE_TYPING_STATE
03-09-2020 16:30 INFO: Выполнена бронь! Отправление Москва, прибытие Берлин, дата 17-09-2020
03-09-2020 16:30 DEBUG: Нет возможности обаботать событие: VkBotEventType.MESSAGE_REPLY
03-09-2020 16:59 DEBUG: Нет возможности обаботать событие: VkBotEventType.MESSAGE_TYPING_STATE
03-09-2020 16:59 DEBUG: User gets {'name': 'Приветствие', 'tokens': {'hi', 'привет', 'здравству', 'hello', 'здоров'}, 'scenario': None, 'answer': 'Здравствуйте! Я помогу вам с бронированием билетов на самолёт в нужные для вас даты!'}
03-09-2020 16:59 DEBUG: Нет возможности обаботать событие: VkBotEventType.MESSAGE_REPLY
03-09-2020 16:59 DEBUG: Нет возможности обаботать событие: VkBotEventType.MESSAGE_TYPING_STATE
03-09-2020 16:59 DEBUG: User gets {'name': 'Приветствие', 'tokens': {'hi', 'привет', 'здравству', 'hello', 'здоров'}, 'scenario': None, 'answer': 'Здравствуйте! Я помогу вам с бронированием билетов на самолёт в нужные для вас даты!'}
03-09-2020 16:59 DEBUG: User gets {'name': 'Помощь', 'tokens': {'памаги', 'помоги', 'помощь', 'help', '/help'}, 'scenario': None, 'answer': 'Я помогу вам в выборе и бронировнии билетов на авиарейсы. \nДля бронирования вам необходимо написать мне с просьбой о бронировании'}
03-09-2020 16:59 DEBUG: User gets {'name': 'Бронирование', 'tokens': {'ticket', '/ticket', 'бронир', 'бронь'}, 'scenario': 'ticket', 'answer': None}
03-09-2020 17:00 DEBUG: Нет возможности обаботать событие: VkBotEventType.MESSAGE_REPLY
03-09-2020 17:00 DEBUG: Нет возможности обаботать событие: VkBotEventType.MESSAGE_TYPING_STATE
03-09-2020 17:05 DEBUG: Нет возможности обаботать событие: VkBotEventType.MESSAGE_TYPING_STATE
03-09-2020 17:05 DEBUG: Нет возможности обаботать событие: VkBotEventType.MESSAGE_TYPING_STATE
03-09-2020 17:05 DEBUG: User gets {'name': 'Приветствие', 'tokens': {'здравству', 'hi', 'здоров', 'hello', 'привет'}, 'scenario': None, 'answer': 'Здравствуйте! Я помогу вам с бронированием билетов на самолёт в нужные для вас даты!'}
03-09-2020 17:06 DEBUG: Нет возможности обаботать событие: VkBotEventType.MESSAGE_REPLY
03-09-2020 17:06 DEBUG: Нет возможности обаботать событие: VkBotEventType.MESSAGE_TYPING_STATE
03-09-2020 17:06 DEBUG: User gets {'name': 'Приветствие', 'tokens': {'здравству', 'hi', 'здоров', 'hello', 'привет'}, 'scenario': None, 'answer': 'Здравствуйте! Я помогу вам с бронированием билетов на самолёт в нужные для вас даты!'}
03-09-2020 17:06 DEBUG: User gets {'name': 'Помощь', 'tokens': {'help', 'помощь', 'памаги', '/help', 'помоги'}, 'scenario': None, 'answer': 'Я помогу вам в выборе и бронировнии билетов на авиарейсы. \nДля бронирования вам необходимо написать мне с просьбой о бронировании'}
03-09-2020 17:06 DEBUG: User gets {'name': 'Бронирование', 'tokens': {'бронир', 'бронь', 'ticket', '/ticket'}, 'scenario': 'ticket', 'answer': None}
03-09-2020 17:08 DEBUG: Нет возможности обаботать событие: VkBotEventType.MESSAGE_REPLY
03-09-2020 17:08 DEBUG: Нет возможности обаботать событие: VkBotEventType.MESSAGE_TYPING_STATE
03-09-2020 17:09 DEBUG: Нет возможности обаботать событие: VkBotEventType.MESSAGE_REPLY
03-09-2020 17:09 DEBUG: Нет возможности обаботать событие: VkBotEventType.MESSAGE_REPLY
03-09-2020 17:12 DEBUG: Нет возможности обаботать событие: VkBotEventType.MESSAGE_TYPING_STATE
03-09-2020 17:12 ERROR: Ошибка обработки события
Traceback (most recent call last):
  File "C:/Users/dkozyukov/PycharmProjects/python_base/chatbot/bot.py", line 70, in run
    self.on_event(event)
  File "<string>", line 2, in on_event
  File "C:\Users\dkozyukov\PycharmProjects\python_base\venv\lib\site-packages\pony\orm\core.py", line 528, in new_func
    result = func(*args, **kwargs)
  File "C:/Users/dkozyukov/PycharmProjects/python_base/chatbot/bot.py", line 89, in on_event
    self.continue_scenario(text, state, user_id)
  File "C:/Users/dkozyukov/PycharmProjects/python_base/chatbot/bot.py", line 200, in continue_scenario
    self.send_step(next_step, user_id, text, state.context)
UnboundLocalError: local variable 'next_step' referenced before assignment
03-09-2020 17:13 DEBUG: Нет возможности обаботать событие: VkBotEventType.MESSAGE_TYPING_STATE
03-09-2020 17:13 DEBUG: Нет возможности обаботать событие: VkBotEventType.MESSAGE_TYPING_STATE
03-09-2020 17:13 DEBUG: User gets {'name': 'Приветствие', 'tokens': {'здравству', 'привет', 'hi', 'здоров', 'hello'}, 'scenario': None, 'answer': 'Здравствуйте! Я помогу вам с бронированием билетов на самолёт в нужные для вас даты!'}
03-09-2020 17:13 DEBUG: User gets {'name': 'Помощь', 'tokens': {'помоги', 'помощь', 'памаги', 'help', '/help'}, 'scenario': None, 'answer': 'Я помогу вам в выборе и бронировнии билетов на авиарейсы. \nДля бронирования вам необходимо написать мне с просьбой о бронировании'}
03-09-2020 17:13 DEBUG: User gets {'name': 'Бронирование', 'tokens': {'бронь', 'ticket', '/ticket', 'бронир'}, 'scenario': 'ticket', 'answer': None}
03-09-2020 17:14 DEBUG: Нет возможности обаботать событие: VkBotEventType.MESSAGE_REPLY
03-09-2020 17:15 DEBUG: Нет возможности обаботать событие: VkBotEventType.MESSAGE_TYPING_STATE
03-09-2020 17:16 DEBUG: Нет возможности обаботать событие: VkBotEventType.MESSAGE_REPLY
03-09-2020 17:17 DEBUG: Нет возможности обаботать событие: VkBotEventType.MESSAGE_TYPING_STATE
03-09-2020 17:17 DEBUG: Нет возможности обаботать событие: VkBotEventType.MESSAGE_REPLY
03-09-2020 17:17 DEBUG: Нет возможности обаботать событие: VkBotEventType.MESSAGE_TYPING_STATE
03-09-2020 17:19 DEBUG: Нет возможности обаботать событие: VkBotEventType.MESSAGE_REPLY
03-09-2020 17:19 DEBUG: Нет возможности обаботать событие: VkBotEventType.MESSAGE_TYPING_STATE
03-09-2020 17:19 DEBUG: Нет возможности обаботать событие: VkBotEventType.MESSAGE_REPLY
03-09-2020 17:19 DEBUG: Нет возможности обаботать событие: VkBotEventType.MESSAGE_TYPING_STATE
03-09-2020 17:19 DEBUG: Нет возможности обаботать событие: VkBotEventType.MESSAGE_TYPING_STATE
03-09-2020 17:21 ERROR: Ошибка обработки события
Traceback (most recent call last):
  File "C:/Users/dkozyukov/PycharmProjects/python_base/chatbot/bot.py", line 70, in run
    self.on_event(event)
  File "<string>", line 2, in on_event
  File "C:\Users\dkozyukov\PycharmProjects\python_base\venv\lib\site-packages\pony\orm\core.py", line 528, in new_func
    result = func(*args, **kwargs)
  File "C:/Users/dkozyukov/PycharmProjects/python_base/chatbot/bot.py", line 89, in on_event
    self.continue_scenario(text, state, user_id)
  File "C:/Users/dkozyukov/PycharmProjects/python_base/chatbot/bot.py", line 200, in continue_scenario
    self.send_step(next_step, user_id, text, state.context)
  File "C:/Users/dkozyukov/PycharmProjects/python_base/chatbot/bot.py", line 117, in send_step
    self.send_text(step['text'].format(**context), user_id)
  File "C:/Users/dkozyukov/PycharmProjects/python_base/chatbot/bot.py", line 108, in send_text
    self.api.messages.send(message=text_to_send,
  File "C:\Users\dkozyukov\PycharmProjects\python_base\venv\lib\site-packages\vk_api\vk_api.py", line 681, in __call__
    return self._vk.method(self._method, kwargs)
  File "C:\Users\dkozyukov\PycharmProjects\python_base\venv\lib\site-packages\vk_api\vk_api.py", line 646, in method
    raise error
vk_api.exceptions.ApiError: [100] One of the parameters specified was missing or invalid: message is empty or invalid
03-09-2020 17:45 DEBUG: Нет возможности обаботать событие: VkBotEventType.MESSAGE_TYPING_STATE
03-09-2020 17:45 DEBUG: User gets {'name': 'Приветствие', 'tokens': {'здоров', 'здравству', 'hello', 'hi', 'привет'}, 'scenario': None, 'answer': 'Здравствуйте! Я помогу вам с бронированием билетов на самолёт в нужные для вас даты!'}
03-09-2020 17:45 DEBUG: User gets {'name': 'Помощь', 'tokens': {'помоги', 'памаги', '/help', 'помощь', 'help'}, 'scenario': None, 'answer': 'Я помогу вам в выборе и бронировнии билетов на авиарейсы. \nДля бронирования вам необходимо написать мне с просьбой о бронировании'}
03-09-2020 17:45 DEBUG: User gets {'name': 'Бронирование', 'tokens': {'/ticket', 'бронир', 'ticket', 'бронь'}, 'scenario': 'ticket', 'answer': None}
03-09-2020 17:46 DEBUG: Нет возможности обаботать событие: VkBotEventType.MESSAGE_REPLY
03-09-2020 17:46 DEBUG: Нет возможности обаботать событие: VkBotEventType.MESSAGE_TYPING_STATE
03-09-2020 17:47 DEBUG: Нет возможности обаботать событие: VkBotEventType.MESSAGE_REPLY
03-09-2020 17:47 DEBUG: Нет возможности обаботать событие: VkBotEventType.MESSAGE_TYPING_STATE
03-09-2020 17:47 DEBUG: Нет возможности обаботать событие: VkBotEventType.MESSAGE_TYPING_STATE
03-09-2020 17:47 DEBUG: Нет возможности обаботать событие: VkBotEventType.MESSAGE_REPLY
03-09-2020 17:47 DEBUG: Нет возможности обаботать событие: VkBotEventType.MESSAGE_TYPING_STATE
03-09-2020 17:48 DEBUG: Нет возможности обаботать событие: VkBotEventType.MESSAGE_REPLY
03-09-2020 17:48 DEBUG: Нет возможности обаботать событие: VkBotEventType.MESSAGE_TYPING_STATE
03-09-2020 17:48 DEBUG: Нет возможности обаботать событие: VkBotEventType.MESSAGE_REPLY
03-09-2020 17:48 DEBUG: Нет возможности обаботать событие: VkBotEventType.MESSAGE_TYPING_STATE
03-09-2020 17:49 DEBUG: Нет возможности обаботать событие: VkBotEventType.MESSAGE_REPLY
03-09-2020 17:49 DEBUG: Нет возможности обаботать событие: VkBotEventType.MESSAGE_TYPING_STATE
03-09-2020 17:49 DEBUG: Нет возможности обаботать событие: VkBotEventType.MESSAGE_REPLY
03-09-2020 17:49 DEBUG: Нет возможности обаботать событие: VkBotEventType.MESSAGE_TYPING_STATE
03-09-2020 17:49 DEBUG: Нет возможности обаботать событие: VkBotEventType.MESSAGE_REPLY
03-09-2020 17:49 DEBUG: Нет возможности обаботать событие: VkBotEventType.MESSAGE_TYPING_STATE
03-09-2020 17:49 DEBUG: Нет возможности обаботать событие: VkBotEventType.MESSAGE_REPLY
03-09-2020 17:50 DEBUG: Нет возможности обаботать событие: VkBotEventType.MESSAGE_TYPING_STATE
03-09-2020 17:50 DEBUG: Нет возможности обаботать событие: VkBotEventType.MESSAGE_REPLY
03-09-2020 17:50 DEBUG: Нет возможности обаботать событие: VkBotEventType.MESSAGE_TYPING_STATE
03-09-2020 17:50 INFO: Выполнена бронь! Отправление Москва, прибытие Берлин, дата 17-09-2020
03-09-2020 17:51 DEBUG: Нет возможности обаботать событие: VkBotEventType.MESSAGE_REPLY
04-09-2020 10:46 DEBUG: Нет возможности обаботать событие: VkBotEventType.MESSAGE_TYPING_STATE
04-09-2020 10:47 DEBUG: User gets {'name': 'Приветствие', 'tokens': {'hi', 'здоров', 'здравству', 'привет', 'hello'}, 'scenario': None, 'answer': 'Здравствуйте! Я помогу вам с бронированием билетов на самолёт в нужные для вас даты!'}
04-09-2020 10:47 DEBUG: User gets {'name': 'Помощь', 'tokens': {'help', 'памаги', 'помоги', 'помощь', '/help'}, 'scenario': None, 'answer': 'Я помогу вам в выборе и бронировнии билетов на авиарейсы. \nДля бронирования вам необходимо написать мне с просьбой о бронировании'}
04-09-2020 10:47 DEBUG: User gets {'name': 'Бронирование', 'tokens': {'/ticket', 'бронир', 'ticket', 'бронь'}, 'scenario': 'ticket', 'answer': None}
04-09-2020 10:47 DEBUG: Нет возможности обаботать событие: VkBotEventType.MESSAGE_REPLY
04-09-2020 13:10 DEBUG: Нет возможности обаботать событие: VkBotEventType.MESSAGE_TYPING_STATE
04-09-2020 13:10 DEBUG: User gets {'name': 'Приветствие', 'tokens': {'hi', 'здравству', 'здоров', 'hello', 'привет'}, 'scenario': None, 'answer': 'Здравствуйте! Я помогу вам с бронированием билетов на самолёт в нужные для вас даты!'}
04-09-2020 13:10 DEBUG: Нет возможности обаботать событие: VkBotEventType.MESSAGE_REPLY
04-09-2020 13:11 DEBUG: Нет возможности обаботать событие: VkBotEventType.MESSAGE_TYPING_STATE
04-09-2020 13:11 DEBUG: User gets {'name': 'Приветствие', 'tokens': {'hi', 'здравству', 'здоров', 'hello', 'привет'}, 'scenario': None, 'answer': 'Здравствуйте! Я помогу вам с бронированием билетов на самолёт в нужные для вас даты!'}
04-09-2020 13:11 DEBUG: User gets {'name': 'Помощь', 'tokens': {'/help', 'help', 'памаги', 'помощь', 'помоги'}, 'scenario': None, 'answer': 'Я помогу вам в выборе и бронировнии билетов на авиарейсы. \nДля бронирования вам необходимо написать мне с просьбой о бронировании'}
04-09-2020 13:11 DEBUG: User gets {'name': 'Бронирование', 'tokens': {'/ticket', 'бронь', 'бронир', 'ticket'}, 'scenario': 'ticket', 'answer': None}
04-09-2020 13:11 DEBUG: Нет возможности обаботать событие: VkBotEventType.MESSAGE_REPLY
04-09-2020 13:11 DEBUG: Нет возможности обаботать событие: VkBotEventType.MESSAGE_TYPING_STATE
04-09-2020 13:11 DEBUG: Нет возможности обаботать событие: VkBotEventType.MESSAGE_TYPING_STATE
04-09-2020 13:11 DEBUG: Нет возможности обаботать событие: VkBotEventType.MESSAGE_REPLY
04-09-2020 13:11 DEBUG: Нет возможности обаботать событие: VkBotEventType.MESSAGE_TYPING_STATE
04-09-2020 13:11 DEBUG: Нет возможности обаботать событие: VkBotEventType.MESSAGE_REPLY
04-09-2020 13:11 DEBUG: Нет возможности обаботать событие: VkBotEventType.MESSAGE_TYPING_STATE
04-09-2020 13:11 DEBUG: Нет возможности обаботать событие: VkBotEventType.MESSAGE_REPLY
04-09-2020 13:11 DEBUG: Нет возможности обаботать событие: VkBotEventType.MESSAGE_REPLY
04-09-2020 13:11 DEBUG: Нет возможности обаботать событие: VkBotEventType.MESSAGE_REPLY
04-09-2020 13:11 DEBUG: Нет возможности обаботать событие: VkBotEventType.MESSAGE_TYPING_STATE
04-09-2020 13:11 DEBUG: Нет возможности обаботать событие: VkBotEventType.MESSAGE_REPLY
04-09-2020 13:11 DEBUG: Нет возможности обаботать событие: VkBotEventType.MESSAGE_REPLY
04-09-2020 13:11 DEBUG: Нет возможности обаботать событие: VkBotEventType.MESSAGE_TYPING_STATE
04-09-2020 13:11 DEBUG: Нет возможности обаботать событие: VkBotEventType.MESSAGE_TYPING_STATE
04-09-2020 13:11 DEBUG: Нет возможности обаботать событие: VkBotEventType.MESSAGE_REPLY
04-09-2020 13:12 DEBUG: Нет возможности обаботать событие: VkBotEventType.MESSAGE_TYPING_STATE
04-09-2020 13:12 DEBUG: Нет возможности обаботать событие: VkBotEventType.MESSAGE_REPLY
04-09-2020 13:12 DEBUG: Нет возможности обаботать событие: VkBotEventType.MESSAGE_TYPING_STATE
04-09-2020 13:12 DEBUG: Нет возможности обаботать событие: VkBotEventType.MESSAGE_REPLY
04-09-2020 13:12 DEBUG: Нет возможности обаботать событие: VkBotEventType.MESSAGE_REPLY
04-09-2020 13:12 DEBUG: Нет возможности обаботать событие: VkBotEventType.MESSAGE_TYPING_STATE
04-09-2020 13:12 DEBUG: Нет возможности обаботать событие: VkBotEventType.MESSAGE_REPLY
04-09-2020 13:12 INFO: Выполнена бронь! Отправление Москва, прибытие Берлин, дата 17-09-2020
04-09-2020 13:12 DEBUG: Нет возможности обаботать событие: VkBotEventType.MESSAGE_REPLY
04-09-2020 14:40 DEBUG: Нет возможности обаботать событие: VkBotEventType.MESSAGE_TYPING_STATE
04-09-2020 14:40 DEBUG: User gets {'name': 'Приветствие', 'tokens': {'hi', 'здравству', 'hello', 'здоров', 'привет'}, 'scenario': None, 'answer': 'Здравствуйте! Я помогу вам с бронированием билетов на самолёт в нужные для вас даты!'}
04-09-2020 14:40 DEBUG: User gets {'name': 'Помощь', 'tokens': {'помоги', '/help', 'памаги', 'помощь', 'help'}, 'scenario': None, 'answer': 'Я помогу вам в выборе и бронировнии билетов на авиарейсы. \nДля бронирования вам необходимо написать мне с просьбой о бронировании'}
04-09-2020 14:40 DEBUG: User gets {'name': 'Бронирование', 'tokens': {'бронь', '/ticket', 'ticket', 'бронир'}, 'scenario': 'ticket', 'answer': None}
04-09-2020 14:40 DEBUG: Нет возможности обаботать событие: VkBotEventType.MESSAGE_REPLY
04-09-2020 14:40 DEBUG: Нет возможности обаботать событие: VkBotEventType.MESSAGE_TYPING_STATE
04-09-2020 14:40 DEBUG: Нет возможности обаботать событие: VkBotEventType.MESSAGE_REPLY
04-09-2020 14:40 DEBUG: Нет возможности обаботать событие: VkBotEventType.MESSAGE_TYPING_STATE
04-09-2020 14:40 DEBUG: Нет возможности обаботать событие: VkBotEventType.MESSAGE_REPLY
04-09-2020 14:40 DEBUG: Нет возможности обаботать событие: VkBotEventType.MESSAGE_REPLY
04-09-2020 14:40 DEBUG: Нет возможности обаботать событие: VkBotEventType.MESSAGE_TYPING_STATE
04-09-2020 14:40 DEBUG: Нет возможности обаботать событие: VkBotEventType.MESSAGE_REPLY
04-09-2020 14:40 DEBUG: Нет возможности обаботать событие: VkBotEventType.MESSAGE_REPLY
04-09-2020 14:40 DEBUG: Нет возможности обаботать событие: VkBotEventType.MESSAGE_TYPING_STATE
04-09-2020 14:40 DEBUG: Нет возможности обаботать событие: VkBotEventType.MESSAGE_TYPING_STATE
04-09-2020 14:40 DEBUG: Нет возможности обаботать событие: VkBotEventType.MESSAGE_REPLY
04-09-2020 14:40 DEBUG: Нет возможности обаботать событие: VkBotEventType.MESSAGE_REPLY
04-09-2020 14:40 DEBUG: Нет возможности обаботать событие: VkBotEventType.MESSAGE_TYPING_STATE
04-09-2020 14:41 DEBUG: Нет возможности обаботать событие: VkBotEventType.MESSAGE_REPLY
04-09-2020 14:41 DEBUG: Нет возможности обаботать событие: VkBotEventType.MESSAGE_REPLY
04-09-2020 14:41 DEBUG: Нет возможности обаботать событие: VkBotEventType.MESSAGE_TYPING_STATE
04-09-2020 14:41 INFO: Выполнена бронь! Отправление Москва, прибытие Берлин, дата 17-09-2020
04-09-2020 14:41 ERROR: Ошибка обработки события
Traceback (most recent call last):
  File "C:/Users/dkozyukov/PycharmProjects/python_base/chatbot/bot.py", line 71, in run
    self.on_event(event)
  File "<string>", line 2, in on_event
  File "C:\Users\dkozyukov\PycharmProjects\python_base\venv\lib\site-packages\pony\orm\core.py", line 528, in new_func
    result = func(*args, **kwargs)
  File "C:/Users/dkozyukov/PycharmProjects/python_base/chatbot/bot.py", line 90, in on_event
    self.continue_scenario(text, state, user_id)
  File "C:/Users/dkozyukov/PycharmProjects/python_base/chatbot/bot.py", line 215, in continue_scenario
    self.send_step(next_step, user_id, text, state, text_to_send)
  File "C:/Users/dkozyukov/PycharmProjects/python_base/chatbot/bot.py", line 127, in send_step
    handler = getattr(handlers, step['handler'])
TypeError: getattr(): attribute name must be string
04-09-2020 14:43 DEBUG: Нет возможности обаботать событие: VkBotEventType.MESSAGE_TYPING_STATE
04-09-2020 14:43 INFO: Выполнена бронь! Отправление Москва, прибытие Берлин, дата 17-09-2020
04-09-2020 14:43 ERROR: Ошибка обработки события
Traceback (most recent call last):
  File "C:/Users/dkozyukov/PycharmProjects/python_base/chatbot/bot.py", line 71, in run
    self.on_event(event)
  File "<string>", line 2, in on_event
  File "C:\Users\dkozyukov\PycharmProjects\python_base\venv\lib\site-packages\pony\orm\core.py", line 528, in new_func
    result = func(*args, **kwargs)
  File "C:/Users/dkozyukov/PycharmProjects/python_base/chatbot/bot.py", line 90, in on_event
    self.continue_scenario(text, state, user_id)
  File "C:/Users/dkozyukov/PycharmProjects/python_base/chatbot/bot.py", line 215, in continue_scenario
    self.send_step(next_step, user_id, text, state, text_to_send)
  File "C:/Users/dkozyukov/PycharmProjects/python_base/chatbot/bot.py", line 129, in send_step
    self.send_image(image, user_id)
  File "C:/Users/dkozyukov/PycharmProjects/python_base/chatbot/bot.py", line 116, in send_image
    image_data = self.api.photos.saveMessagesUploadServer(**upload_data)
  File "C:\Users\dkozyukov\PycharmProjects\python_base\venv\lib\site-packages\vk_api\vk_api.py", line 681, in __call__
    return self._vk.method(self._method, kwargs)
  File "C:\Users\dkozyukov\PycharmProjects\python_base\venv\lib\site-packages\vk_api\vk_api.py", line 646, in method
    raise error
vk_api.exceptions.ApiError: [3] Unknown method passed
04-09-2020 14:45 DEBUG: Нет возможности обаботать событие: VkBotEventType.MESSAGE_TYPING_STATE
04-09-2020 14:46 INFO: Выполнена бронь! Отправление Москва, прибытие Берлин, дата 17-09-2020
04-09-2020 14:46 ERROR: Ошибка обработки события
Traceback (most recent call last):
  File "C:/Users/dkozyukov/PycharmProjects/python_base/chatbot/bot.py", line 71, in run
    self.on_event(event)
  File "<string>", line 2, in on_event
  File "C:\Users\dkozyukov\PycharmProjects\python_base\venv\lib\site-packages\pony\orm\core.py", line 528, in new_func
    result = func(*args, **kwargs)
  File "C:/Users/dkozyukov/PycharmProjects/python_base/chatbot/bot.py", line 90, in on_event
    self.continue_scenario(text, state, user_id)
  File "C:/Users/dkozyukov/PycharmProjects/python_base/chatbot/bot.py", line 215, in continue_scenario
    self.send_step(next_step, user_id, text, state, text_to_send)
  File "C:/Users/dkozyukov/PycharmProjects/python_base/chatbot/bot.py", line 129, in send_step
    self.send_image(image, user_id)
  File "C:/Users/dkozyukov/PycharmProjects/python_base/chatbot/bot.py", line 116, in send_image
    image_data = self.api.photos.saveMessagesServer(**upload_data)
  File "C:\Users\dkozyukov\PycharmProjects\python_base\venv\lib\site-packages\vk_api\vk_api.py", line 681, in __call__
    return self._vk.method(self._method, kwargs)
  File "C:\Users\dkozyukov\PycharmProjects\python_base\venv\lib\site-packages\vk_api\vk_api.py", line 646, in method
    raise error
vk_api.exceptions.ApiError: [3] Unknown method passed
04-09-2020 14:47 DEBUG: Нет возможности обаботать событие: VkBotEventType.MESSAGE_TYPING_STATE
04-09-2020 14:47 INFO: Выполнена бронь! Отправление Москва, прибытие Берлин, дата 17-09-2020
04-09-2020 14:47 DEBUG: Нет возможности обаботать событие: VkBotEventType.MESSAGE_REPLY
04-09-2020 14:47 DEBUG: Нет возможности обаботать событие: VkBotEventType.MESSAGE_REPLY
04-09-2020 15:53 DEBUG: Нет возможности обаботать событие: VkBotEventType.MESSAGE_TYPING_STATE
04-09-2020 15:53 DEBUG: User gets {'name': 'Приветствие', 'tokens': {'привет', 'здоров', 'здравству', 'hi', 'hello'}, 'scenario': None, 'answer': 'Здравствуйте! Я помогу вам с бронированием билетов на самолёт в нужные для вас даты!'}
04-09-2020 15:53 DEBUG: Нет возможности обаботать событие: VkBotEventType.MESSAGE_REPLY
04-09-2020 15:53 DEBUG: Нет возможности обаботать событие: VkBotEventType.MESSAGE_TYPING_STATE
04-09-2020 15:53 DEBUG: User gets {'name': 'Приветствие', 'tokens': {'привет', 'здоров', 'здравству', 'hi', 'hello'}, 'scenario': None, 'answer': 'Здравствуйте! Я помогу вам с бронированием билетов на самолёт в нужные для вас даты!'}
04-09-2020 15:53 DEBUG: User gets {'name': 'Помощь', 'tokens': {'памаги', '/help', 'help', 'помощь', 'помоги'}, 'scenario': None, 'answer': 'Я помогу вам в выборе и бронировнии билетов на авиарейсы. \nДля бронирования вам необходимо написать мне с просьбой о бронировании'}
04-09-2020 15:53 DEBUG: User gets {'name': 'Бронирование', 'tokens': {'ticket', 'бронир', '/ticket', 'бронь'}, 'scenario': 'ticket', 'answer': None}
04-09-2020 15:53 DEBUG: Нет возможности обаботать событие: VkBotEventType.MESSAGE_REPLY
04-09-2020 15:53 DEBUG: Нет возможности обаботать событие: VkBotEventType.MESSAGE_TYPING_STATE
04-09-2020 15:53 DEBUG: Нет возможности обаботать событие: VkBotEventType.MESSAGE_REPLY
04-09-2020 15:54 DEBUG: Нет возможности обаботать событие: VkBotEventType.MESSAGE_TYPING_STATE
04-09-2020 15:54 DEBUG: Нет возможности обаботать событие: VkBotEventType.MESSAGE_TYPING_STATE
04-09-2020 15:54 DEBUG: Нет возможности обаботать событие: VkBotEventType.MESSAGE_REPLY
04-09-2020 15:54 DEBUG: Нет возможности обаботать событие: VkBotEventType.MESSAGE_REPLY
04-09-2020 15:54 DEBUG: Нет возможности обаботать событие: VkBotEventType.MESSAGE_TYPING_STATE
04-09-2020 15:54 DEBUG: Нет возможности обаботать событие: VkBotEventType.MESSAGE_REPLY
04-09-2020 15:54 DEBUG: Нет возможности обаботать событие: VkBotEventType.MESSAGE_TYPING_STATE
04-09-2020 15:54 DEBUG: Нет возможности обаботать событие: VkBotEventType.MESSAGE_REPLY
04-09-2020 15:54 DEBUG: Нет возможности обаботать событие: VkBotEventType.MESSAGE_TYPING_STATE
04-09-2020 15:54 DEBUG: Нет возможности обаботать событие: VkBotEventType.MESSAGE_REPLY
04-09-2020 15:54 DEBUG: Нет возможности обаботать событие: VkBotEventType.MESSAGE_TYPING_STATE
04-09-2020 15:54 DEBUG: Нет возможности обаботать событие: VkBotEventType.MESSAGE_TYPING_STATE
04-09-2020 15:54 DEBUG: Нет возможности обаботать событие: VkBotEventType.MESSAGE_REPLY
04-09-2020 15:54 DEBUG: Нет возможности обаботать событие: VkBotEventType.MESSAGE_TYPING_STATE
04-09-2020 15:54 DEBUG: Нет возможности обаботать событие: VkBotEventType.MESSAGE_REPLY
04-09-2020 15:54 DEBUG: Нет возможности обаботать событие: VkBotEventType.MESSAGE_REPLY
04-09-2020 15:54 DEBUG: Нет возможности обаботать событие: VkBotEventType.MESSAGE_TYPING_STATE
04-09-2020 15:54 DEBUG: Нет возможности обаботать событие: VkBotEventType.MESSAGE_REPLY
04-09-2020 15:54 DEBUG: Нет возможности обаботать событие: VkBotEventType.MESSAGE_REPLY
04-09-2020 15:55 DEBUG: Нет возможности обаботать событие: VkBotEventType.MESSAGE_TYPING_STATE
04-09-2020 15:55 DEBUG: User gets {'name': 'Приветствие', 'tokens': {'привет', 'здоров', 'здравству', 'hi', 'hello'}, 'scenario': None, 'answer': 'Здравствуйте! Я помогу вам с бронированием билетов на самолёт в нужные для вас даты!'}
04-09-2020 15:55 DEBUG: User gets {'name': 'Помощь', 'tokens': {'памаги', '/help', 'help', 'помощь', 'помоги'}, 'scenario': None, 'answer': 'Я помогу вам в выборе и бронировнии билетов на авиарейсы. \nДля бронирования вам необходимо написать мне с просьбой о бронировании'}
04-09-2020 15:55 DEBUG: User gets {'name': 'Бронирование', 'tokens': {'ticket', 'бронир', '/ticket', 'бронь'}, 'scenario': 'ticket', 'answer': None}
04-09-2020 15:55 DEBUG: Нет возможности обаботать событие: VkBotEventType.MESSAGE_REPLY
04-09-2020 15:55 DEBUG: User gets {'name': 'Приветствие', 'tokens': {'привет', 'здоров', 'здравству', 'hi', 'hello'}, 'scenario': None, 'answer': 'Здравствуйте! Я помогу вам с бронированием билетов на самолёт в нужные для вас даты!'}
04-09-2020 15:55 DEBUG: User gets {'name': 'Помощь', 'tokens': {'памаги', '/help', 'help', 'помощь', 'помоги'}, 'scenario': None, 'answer': 'Я помогу вам в выборе и бронировнии билетов на авиарейсы. \nДля бронирования вам необходимо написать мне с просьбой о бронировании'}
04-09-2020 15:55 DEBUG: User gets {'name': 'Бронирование', 'tokens': {'ticket', 'бронир', '/ticket', 'бронь'}, 'scenario': 'ticket', 'answer': None}
04-09-2020 15:55 DEBUG: Нет возможности обаботать событие: VkBotEventType.MESSAGE_REPLY
04-09-2020 15:55 DEBUG: Нет возможности обаботать событие: VkBotEventType.MESSAGE_TYPING_STATE
04-09-2020 15:55 DEBUG: Нет возможности обаботать событие: VkBotEventType.MESSAGE_REPLY
04-09-2020 15:55 DEBUG: Нет возможности обаботать событие: VkBotEventType.MESSAGE_TYPING_STATE
04-09-2020 15:55 DEBUG: Нет возможности обаботать событие: VkBotEventType.MESSAGE_REPLY
04-09-2020 15:55 DEBUG: Нет возможности обаботать событие: VkBotEventType.MESSAGE_REPLY
04-09-2020 15:55 DEBUG: Нет возможности обаботать событие: VkBotEventType.MESSAGE_TYPING_STATE
04-09-2020 15:55 DEBUG: Нет возможности обаботать событие: VkBotEventType.MESSAGE_REPLY
04-09-2020 15:55 DEBUG: Нет возможности обаботать событие: VkBotEventType.MESSAGE_TYPING_STATE
04-09-2020 15:55 DEBUG: Нет возможности обаботать событие: VkBotEventType.MESSAGE_REPLY
04-09-2020 15:55 DEBUG: Нет возможности обаботать событие: VkBotEventType.MESSAGE_REPLY
04-09-2020 15:55 DEBUG: Нет возможности обаботать событие: VkBotEventType.MESSAGE_TYPING_STATE
04-09-2020 15:55 DEBUG: Нет возможности обаботать событие: VkBotEventType.MESSAGE_REPLY
04-09-2020 15:55 DEBUG: Нет возможности обаботать событие: VkBotEventType.MESSAGE_REPLY
04-09-2020 15:55 INFO: Выполнена бронь! Отправление Москва, прибытие Берлин, дата 17-09-2020
04-09-2020 15:56 DEBUG: Нет возможности обаботать событие: VkBotEventType.MESSAGE_REPLY
04-09-2020 15:56 DEBUG: Нет возможности обаботать событие: VkBotEventType.MESSAGE_REPLY
04-09-2020 18:47 DEBUG: Нет возможности обаботать событие: VkBotEventType.MESSAGE_TYPING_STATE
04-09-2020 18:47 DEBUG: User gets {'name': 'Приветствие', 'tokens': {'hi', 'hello', 'здоров', 'привет', 'здравству'}, 'scenario': None, 'answer': 'Здравствуйте! Я помогу вам с бронированием билетов на самолёт в нужные для вас даты!'}
04-09-2020 18:47 DEBUG: Нет возможности обаботать событие: VkBotEventType.MESSAGE_REPLY
04-09-2020 18:47 DEBUG: Нет возможности обаботать событие: VkBotEventType.MESSAGE_TYPING_STATE
04-09-2020 18:47 DEBUG: Нет возможности обаботать событие: VkBotEventType.MESSAGE_TYPING_STATE
04-09-2020 18:47 DEBUG: User gets {'name': 'Приветствие', 'tokens': {'hi', 'hello', 'здоров', 'привет', 'здравству'}, 'scenario': None, 'answer': 'Здравствуйте! Я помогу вам с бронированием билетов на самолёт в нужные для вас даты!'}
04-09-2020 18:47 DEBUG: User gets {'name': 'Помощь', 'tokens': {'/help', 'помоги', 'памаги', 'help', 'помощь'}, 'scenario': None, 'answer': 'Я помогу вам в выборе и бронировнии билетов на авиарейсы. \nДля бронирования вам необходимо написать мне с просьбой о бронировании'}
04-09-2020 18:47 DEBUG: User gets {'name': 'Бронирование', 'tokens': {'/ticket', 'бронь', 'ticket', 'бронир'}, 'scenario': 'ticket', 'answer': None}
04-09-2020 18:47 DEBUG: Нет возможности обаботать событие: VkBotEventType.MESSAGE_REPLY
04-09-2020 18:47 DEBUG: Нет возможности обаботать событие: VkBotEventType.MESSAGE_TYPING_STATE
04-09-2020 18:47 DEBUG: User gets {'name': 'Приветствие', 'tokens': {'hi', 'hello', 'здоров', 'привет', 'здравству'}, 'scenario': None, 'answer': 'Здравствуйте! Я помогу вам с бронированием билетов на самолёт в нужные для вас даты!'}
04-09-2020 18:47 DEBUG: User gets {'name': 'Помощь', 'tokens': {'/help', 'помоги', 'памаги', 'help', 'помощь'}, 'scenario': None, 'answer': 'Я помогу вам в выборе и бронировнии билетов на авиарейсы. \nДля бронирования вам необходимо написать мне с просьбой о бронировании'}
04-09-2020 18:47 DEBUG: Нет возможности обаботать событие: VkBotEventType.MESSAGE_REPLY
04-09-2020 18:47 DEBUG: Нет возможности обаботать событие: VkBotEventType.MESSAGE_TYPING_STATE
04-09-2020 18:47 DEBUG: Нет возможности обаботать событие: VkBotEventType.MESSAGE_TYPING_STATE
04-09-2020 18:47 DEBUG: Нет возможности обаботать событие: VkBotEventType.MESSAGE_TYPING_STATE
04-09-2020 18:47 DEBUG: Нет возможности обаботать событие: VkBotEventType.MESSAGE_TYPING_STATE
04-09-2020 18:48 DEBUG: Нет возможности обаботать событие: VkBotEventType.MESSAGE_TYPING_STATE
04-09-2020 18:48 DEBUG: User gets {'name': 'Приветствие', 'tokens': {'hi', 'hello', 'здоров', 'привет', 'здравству'}, 'scenario': None, 'answer': 'Здравствуйте! Я помогу вам с бронированием билетов на самолёт в нужные для вас даты!'}
04-09-2020 18:48 DEBUG: User gets {'name': 'Помощь', 'tokens': {'/help', 'помоги', 'памаги', 'help', 'помощь'}, 'scenario': None, 'answer': 'Я помогу вам в выборе и бронировнии билетов на авиарейсы. \nДля бронирования вам необходимо написать мне с просьбой о бронировании'}
04-09-2020 18:48 DEBUG: User gets {'name': 'Бронирование', 'tokens': {'/ticket', 'бронь', 'ticket', 'бронир'}, 'scenario': 'ticket', 'answer': None}
04-09-2020 18:48 DEBUG: Нет возможности обаботать событие: VkBotEventType.MESSAGE_REPLY
04-09-2020 18:48 DEBUG: Нет возможности обаботать событие: VkBotEventType.MESSAGE_TYPING_STATE
04-09-2020 18:48 DEBUG: Нет возможности обаботать событие: VkBotEventType.MESSAGE_REPLY
04-09-2020 18:48 DEBUG: Нет возможности обаботать событие: VkBotEventType.MESSAGE_TYPING_STATE
04-09-2020 18:48 DEBUG: Нет возможности обаботать событие: VkBotEventType.MESSAGE_REPLY
04-09-2020 18:48 DEBUG: Нет возможности обаботать событие: VkBotEventType.MESSAGE_TYPING_STATE
04-09-2020 18:48 DEBUG: Нет возможности обаботать событие: VkBotEventType.MESSAGE_TYPING_STATE
04-09-2020 18:48 DEBUG: Нет возможности обаботать событие: VkBotEventType.MESSAGE_TYPING_STATE
04-09-2020 18:48 DEBUG: Нет возможности обаботать событие: VkBotEventType.MESSAGE_TYPING_STATE
04-09-2020 18:48 DEBUG: Нет возможности обаботать событие: VkBotEventType.MESSAGE_REPLY
04-09-2020 18:48 DEBUG: Нет возможности обаботать событие: VkBotEventType.MESSAGE_TYPING_STATE
04-09-2020 18:48 DEBUG: Нет возможности обаботать событие: VkBotEventType.MESSAGE_TYPING_STATE
04-09-2020 18:48 DEBUG: Нет возможности обаботать событие: VkBotEventType.MESSAGE_REPLY
04-09-2020 18:48 DEBUG: Нет возможности обаботать событие: VkBotEventType.MESSAGE_TYPING_STATE
04-09-2020 18:48 DEBUG: Нет возможности обаботать событие: VkBotEventType.MESSAGE_REPLY
04-09-2020 18:48 DEBUG: Нет возможности обаботать событие: VkBotEventType.MESSAGE_TYPING_STATE
04-09-2020 18:48 DEBUG: Нет возможности обаботать событие: VkBotEventType.MESSAGE_REPLY
04-09-2020 18:49 DEBUG: Нет возможности обаботать событие: VkBotEventType.MESSAGE_TYPING_STATE
04-09-2020 18:49 DEBUG: Нет возможности обаботать событие: VkBotEventType.MESSAGE_TYPING_STATE
04-09-2020 18:49 DEBUG: Нет возможности обаботать событие: VkBotEventType.MESSAGE_TYPING_STATE
04-09-2020 18:49 DEBUG: Нет возможности обаботать событие: VkBotEventType.MESSAGE_REPLY
04-09-2020 18:49 DEBUG: Нет возможности обаботать событие: VkBotEventType.MESSAGE_TYPING_STATE
04-09-2020 18:49 DEBUG: Нет возможности обаботать событие: VkBotEventType.MESSAGE_TYPING_STATE
04-09-2020 18:49 DEBUG: Нет возможности обаботать событие: VkBotEventType.MESSAGE_REPLY
04-09-2020 18:49 DEBUG: Нет возможности обаботать событие: VkBotEventType.MESSAGE_TYPING_STATE
04-09-2020 18:49 DEBUG: Нет возможности обаботать событие: VkBotEventType.MESSAGE_TYPING_STATE
04-09-2020 18:49 DEBUG: Нет возможности обаботать событие: VkBotEventType.MESSAGE_REPLY
04-09-2020 18:49 DEBUG: Нет возможности обаботать событие: VkBotEventType.MESSAGE_TYPING_STATE
04-09-2020 18:50 DEBUG: Нет возможности обаботать событие: VkBotEventType.MESSAGE_REPLY
04-09-2020 18:50 DEBUG: Нет возможности обаботать событие: VkBotEventType.MESSAGE_TYPING_STATE
04-09-2020 18:50 DEBUG: Нет возможности обаботать событие: VkBotEventType.MESSAGE_REPLY
04-09-2020 18:50 DEBUG: Нет возможности обаботать событие: VkBotEventType.MESSAGE_TYPING_STATE
04-09-2020 18:50 DEBUG: Нет возможности обаботать событие: VkBotEventType.MESSAGE_TYPING_STATE
04-09-2020 18:50 INFO: Выполнена бронь! Отправление Москва, прибытие Париж, дата 10-09-2020
04-09-2020 18:50 DEBUG: Нет возможности обаботать событие: VkBotEventType.MESSAGE_REPLY
04-09-2020 18:50 DEBUG: Нет возможности обаботать событие: VkBotEventType.MESSAGE_REPLY
04-09-2020 18:50 DEBUG: Нет возможности обаботать событие: VkBotEventType.MESSAGE_TYPING_STATE
04-09-2020 18:50 DEBUG: User gets {'name': 'Приветствие', 'tokens': {'hi', 'hello', 'здоров', 'привет', 'здравству'}, 'scenario': None, 'answer': 'Здравствуйте! Я помогу вам с бронированием билетов на самолёт в нужные для вас даты!'}
04-09-2020 18:50 DEBUG: User gets {'name': 'Помощь', 'tokens': {'/help', 'помоги', 'памаги', 'help', 'помощь'}, 'scenario': None, 'answer': 'Я помогу вам в выборе и бронировнии билетов на авиарейсы. \nДля бронирования вам необходимо написать мне с просьбой о бронировании'}
04-09-2020 18:50 DEBUG: User gets {'name': 'Бронирование', 'tokens': {'/ticket', 'бронь', 'ticket', 'бронир'}, 'scenario': 'ticket', 'answer': None}
04-09-2020 18:50 DEBUG: Нет возможности обаботать событие: VkBotEventType.MESSAGE_REPLY
05-09-2020 10:13 DEBUG: Нет возможности обаботать событие: VkBotEventType.MESSAGE_TYPING_STATE
05-09-2020 10:13 DEBUG: User gets {'name': 'Приветствие', 'tokens': {'hi', 'привет', 'здоров', 'здравству', 'hello'}, 'scenario': None, 'answer': 'Здравствуйте! Я помогу вам с бронированием билетов на самолёт в нужные для вас даты!'}
05-09-2020 10:13 DEBUG: User gets {'name': 'Помощь', 'tokens': {'памаги', 'help', '/help', 'помоги', 'помощь'}, 'scenario': None, 'answer': 'Я помогу вам в выборе и бронировнии билетов на авиарейсы. \nДля бронирования вам необходимо написать мне с просьбой о бронировании'}
05-09-2020 10:13 DEBUG: User gets {'name': 'Бронирование', 'tokens': {'/ticket', 'бронь', 'бронир', 'ticket'}, 'scenario': 'ticket', 'answer': None}
05-09-2020 10:13 DEBUG: Нет возможности обаботать событие: VkBotEventType.MESSAGE_REPLY
05-09-2020 10:13 DEBUG: Нет возможности обаботать событие: VkBotEventType.MESSAGE_TYPING_STATE
05-09-2020 10:13 DEBUG: User gets {'name': 'Приветствие', 'tokens': {'hi', 'привет', 'здоров', 'здравству', 'hello'}, 'scenario': None, 'answer': 'Здравствуйте! Я помогу вам с бронированием билетов на самолёт в нужные для вас даты!'}
05-09-2020 10:13 DEBUG: User gets {'name': 'Помощь', 'tokens': {'памаги', 'help', '/help', 'помоги', 'помощь'}, 'scenario': None, 'answer': 'Я помогу вам в выборе и бронировнии билетов на авиарейсы. \nДля бронирования вам необходимо написать мне с просьбой о бронировании'}
05-09-2020 10:13 DEBUG: User gets {'name': 'Бронирование', 'tokens': {'/ticket', 'бронь', 'бронир', 'ticket'}, 'scenario': 'ticket', 'answer': None}
05-09-2020 10:13 DEBUG: Нет возможности обаботать событие: VkBotEventType.MESSAGE_REPLY
05-09-2020 10:13 DEBUG: User gets {'name': 'Приветствие', 'tokens': {'hi', 'привет', 'здоров', 'здравству', 'hello'}, 'scenario': None, 'answer': 'Здравствуйте! Я помогу вам с бронированием билетов на самолёт в нужные для вас даты!'}
05-09-2020 10:13 DEBUG: Нет возможности обаботать событие: VkBotEventType.MESSAGE_REPLY
05-09-2020 10:13 DEBUG: Нет возможности обаботать событие: VkBotEventType.MESSAGE_TYPING_STATE
05-09-2020 10:13 DEBUG: User gets {'name': 'Приветствие', 'tokens': {'hi', 'привет', 'здоров', 'здравству', 'hello'}, 'scenario': None, 'answer': 'Здравствуйте! Я помогу вам с бронированием билетов на самолёт в нужные для вас даты!'}
05-09-2020 10:13 DEBUG: User gets {'name': 'Помощь', 'tokens': {'памаги', 'help', '/help', 'помоги', 'помощь'}, 'scenario': None, 'answer': 'Я помогу вам в выборе и бронировнии билетов на авиарейсы. \nДля бронирования вам необходимо написать мне с просьбой о бронировании'}
05-09-2020 10:13 DEBUG: User gets {'name': 'Бронирование', 'tokens': {'/ticket', 'бронь', 'бронир', 'ticket'}, 'scenario': 'ticket', 'answer': None}
05-09-2020 10:13 DEBUG: Нет возможности обаботать событие: VkBotEventType.MESSAGE_REPLY
05-09-2020 10:14 DEBUG: Нет возможности обаботать событие: VkBotEventType.MESSAGE_REPLY
05-09-2020 10:14 DEBUG: Нет возможности обаботать событие: VkBotEventType.MESSAGE_TYPING_STATE
05-09-2020 10:14 DEBUG: Нет возможности обаботать событие: VkBotEventType.MESSAGE_REPLY
05-09-2020 10:14 DEBUG: Нет возможности обаботать событие: VkBotEventType.MESSAGE_TYPING_STATE
05-09-2020 10:14 DEBUG: Нет возможности обаботать событие: VkBotEventType.MESSAGE_REPLY
05-09-2020 10:14 DEBUG: Нет возможности обаботать событие: VkBotEventType.MESSAGE_REPLY
05-09-2020 10:14 DEBUG: Нет возможности обаботать событие: VkBotEventType.MESSAGE_TYPING_STATE
05-09-2020 10:14 DEBUG: Нет возможности обаботать событие: VkBotEventType.MESSAGE_TYPING_STATE
05-09-2020 10:14 ERROR: Ошибка обработки события
Traceback (most recent call last):
  File "C:/Users/dkozyukov/PycharmProjects/python_base/chatbot/bot.py", line 63, in run
    self.on_event(event)
  File "<string>", line 2, in on_event
  File "C:\Users\dkozyukov\PycharmProjects\python_base\venv\lib\site-packages\pony\orm\core.py", line 528, in new_func
    result = func(*args, **kwargs)
  File "C:/Users/dkozyukov/PycharmProjects/python_base/chatbot/bot.py", line 82, in on_event
    self.continue_scenario(text, state, user_id)
  File "C:/Users/dkozyukov/PycharmProjects/python_base/chatbot/bot.py", line 240, in continue_scenario
    self.send_step(next_step, user_id, text, state, text_to_send)
  File "C:/Users/dkozyukov/PycharmProjects/python_base/chatbot/bot.py", line 135, in send_step
    self.send_text(text_to_send, user_id)
  File "C:/Users/dkozyukov/PycharmProjects/python_base/chatbot/bot.py", line 100, in send_text
    self.api.messages.send(message=text_to_send,
  File "C:\Users\dkozyukov\PycharmProjects\python_base\venv\lib\site-packages\vk_api\vk_api.py", line 681, in __call__
    return self._vk.method(self._method, kwargs)
  File "C:\Users\dkozyukov\PycharmProjects\python_base\venv\lib\site-packages\vk_api\vk_api.py", line 646, in method
    raise error
vk_api.exceptions.ApiError: [100] One of the parameters specified was missing or invalid: message is empty or invalid
05-09-2020 10:16 DEBUG: Нет возможности обаботать событие: VkBotEventType.MESSAGE_TYPING_STATE
05-09-2020 10:16 ERROR: Ошибка обработки события
Traceback (most recent call last):
  File "C:/Users/dkozyukov/PycharmProjects/python_base/chatbot/bot.py", line 63, in run
    self.on_event(event)
  File "<string>", line 2, in on_event
  File "C:\Users\dkozyukov\PycharmProjects\python_base\venv\lib\site-packages\pony\orm\core.py", line 528, in new_func
    result = func(*args, **kwargs)
  File "C:/Users/dkozyukov/PycharmProjects/python_base/chatbot/bot.py", line 82, in on_event
    self.continue_scenario(text, state, user_id)
  File "C:/Users/dkozyukov/PycharmProjects/python_base/chatbot/bot.py", line 242, in continue_scenario
    self.send_step(next_step, user_id, text, state, text_to_send)
  File "C:/Users/dkozyukov/PycharmProjects/python_base/chatbot/bot.py", line 135, in send_step
    self.send_text(text_to_send, user_id)
  File "C:/Users/dkozyukov/PycharmProjects/python_base/chatbot/bot.py", line 100, in send_text
    self.api.messages.send(message=text_to_send,
  File "C:\Users\dkozyukov\PycharmProjects\python_base\venv\lib\site-packages\vk_api\vk_api.py", line 681, in __call__
    return self._vk.method(self._method, kwargs)
  File "C:\Users\dkozyukov\PycharmProjects\python_base\venv\lib\site-packages\vk_api\vk_api.py", line 646, in method
    raise error
vk_api.exceptions.ApiError: [100] One of the parameters specified was missing or invalid: message is empty or invalid
05-09-2020 10:17 DEBUG: Нет возможности обаботать событие: VkBotEventType.MESSAGE_TYPING_STATE
05-09-2020 10:18 ERROR: Ошибка обработки события
Traceback (most recent call last):
  File "C:/Users/dkozyukov/PycharmProjects/python_base/chatbot/bot.py", line 63, in run
    self.on_event(event)
  File "<string>", line 2, in on_event
  File "C:\Users\dkozyukov\PycharmProjects\python_base\venv\lib\site-packages\pony\orm\core.py", line 528, in new_func
    result = func(*args, **kwargs)
  File "C:/Users/dkozyukov/PycharmProjects/python_base/chatbot/bot.py", line 82, in on_event
    self.continue_scenario(text, state, user_id)
  File "C:/Users/dkozyukov/PycharmProjects/python_base/chatbot/bot.py", line 208, in continue_scenario
    self.date_handler(response_from_the_handler, state, steps, step)
  File "C:/Users/dkozyukov/PycharmProjects/python_base/chatbot/bot.py", line 135, in send_step
    self.send_text(text_to_send, user_id)
  File "C:/Users/dkozyukov/PycharmProjects/python_base/chatbot/bot.py", line 100, in send_text
    self.api.messages.send(message=text_to_send,
  File "C:\Users\dkozyukov\PycharmProjects\python_base\venv\lib\site-packages\vk_api\vk_api.py", line 681, in __call__
    return self._vk.method(self._method, kwargs)
  File "C:\Users\dkozyukov\PycharmProjects\python_base\venv\lib\site-packages\vk_api\vk_api.py", line 646, in method
    raise error
vk_api.exceptions.ApiError: [100] One of the parameters specified was missing or invalid: message is empty or invalid
05-09-2020 10:21 DEBUG: Нет возможности обаботать событие: VkBotEventType.MESSAGE_TYPING_STATE
05-09-2020 10:21 DEBUG: Нет возможности обаботать событие: VkBotEventType.MESSAGE_REPLY
05-09-2020 10:21 DEBUG: Нет возможности обаботать событие: VkBotEventType.MESSAGE_TYPING_STATE
05-09-2020 10:22 DEBUG: Нет возможности обаботать событие: VkBotEventType.MESSAGE_REPLY
05-09-2020 10:22 DEBUG: Нет возможности обаботать событие: VkBotEventType.MESSAGE_TYPING_STATE
05-09-2020 10:22 DEBUG: Нет возможности обаботать событие: VkBotEventType.MESSAGE_REPLY
05-09-2020 10:22 DEBUG: Нет возможности обаботать событие: VkBotEventType.MESSAGE_REPLY
05-09-2020 10:22 DEBUG: Нет возможности обаботать событие: VkBotEventType.MESSAGE_TYPING_STATE
05-09-2020 10:22 DEBUG: Нет возможности обаботать событие: VkBotEventType.MESSAGE_REPLY
05-09-2020 10:22 INFO: Выполнена бронь! Отправление Москва, прибытие Берлин, дата 13-09-2020
05-09-2020 10:22 DEBUG: Нет возможности обаботать событие: VkBotEventType.MESSAGE_REPLY
05-09-2020 10:22 DEBUG: Нет возможности обаботать событие: VkBotEventType.MESSAGE_REPLY
05-09-2020 10:23 DEBUG: Нет возможности обаботать событие: VkBotEventType.MESSAGE_TYPING_STATE
05-09-2020 10:23 DEBUG: User gets {'name': 'Приветствие', 'tokens': {'здоров', 'здравству', 'hello', 'привет', 'hi'}, 'scenario': None, 'answer': 'Здравствуйте! Я помогу вам с бронированием билетов на самолёт в нужные для вас даты!'}
05-09-2020 10:23 DEBUG: Нет возможности обаботать событие: VkBotEventType.MESSAGE_REPLY
05-09-2020 10:23 DEBUG: User gets {'name': 'Приветствие', 'tokens': {'здоров', 'здравству', 'hello', 'привет', 'hi'}, 'scenario': None, 'answer': 'Здравствуйте! Я помогу вам с бронированием билетов на самолёт в нужные для вас даты!'}
05-09-2020 10:23 DEBUG: User gets {'name': 'Помощь', 'tokens': {'/help', 'help', 'помощь', 'помоги', 'памаги'}, 'scenario': None, 'answer': 'Я помогу вам в выборе и бронировнии билетов на авиарейсы. \nДля бронирования вам необходимо написать мне с просьбой о бронировании'}
05-09-2020 10:23 DEBUG: User gets {'name': 'Бронирование', 'tokens': {'ticket', '/ticket', 'бронь', 'бронир'}, 'scenario': 'ticket', 'answer': None}
05-09-2020 10:23 DEBUG: Нет возможности обаботать событие: VkBotEventType.MESSAGE_REPLY
05-09-2020 10:23 DEBUG: Нет возможности обаботать событие: VkBotEventType.MESSAGE_TYPING_STATE
05-09-2020 10:23 DEBUG: Нет возможности обаботать событие: VkBotEventType.MESSAGE_REPLY
05-09-2020 10:23 DEBUG: Нет возможности обаботать событие: VkBotEventType.MESSAGE_REPLY
05-09-2020 10:23 DEBUG: Нет возможности обаботать событие: VkBotEventType.MESSAGE_TYPING_STATE
05-09-2020 10:23 DEBUG: Нет возможности обаботать событие: VkBotEventType.MESSAGE_REPLY
05-09-2020 10:23 DEBUG: Нет возможности обаботать событие: VkBotEventType.MESSAGE_TYPING_STATE
05-09-2020 10:23 DEBUG: Нет возможности обаботать событие: VkBotEventType.MESSAGE_REPLY
05-09-2020 10:23 DEBUG: Нет возможности обаботать событие: VkBotEventType.MESSAGE_REPLY
05-09-2020 10:23 DEBUG: Нет возможности обаботать событие: VkBotEventType.MESSAGE_TYPING_STATE
05-09-2020 10:23 DEBUG: Нет возможности обаботать событие: VkBotEventType.MESSAGE_REPLY
05-09-2020 10:23 ERROR: Ошибка обработки события
Traceback (most recent call last):
  File "C:/Users/dkozyukov/PycharmProjects/python_base/chatbot/bot.py", line 63, in run
    self.on_event(event)
  File "<string>", line 2, in on_event
  File "C:\Users\dkozyukov\PycharmProjects\python_base\venv\lib\site-packages\pony\orm\core.py", line 528, in new_func
    result = func(*args, **kwargs)
  File "C:/Users/dkozyukov/PycharmProjects/python_base/chatbot/bot.py", line 82, in on_event
    self.continue_scenario(text, state, user_id)
  File "C:/Users/dkozyukov/PycharmProjects/python_base/chatbot/bot.py", line 199, in continue_scenario
    text_to_send = self.city_handler(state, step)
  File "C:/Users/dkozyukov/PycharmProjects/python_base/chatbot/bot.py", line 157, in city_handler
    return text_to_send
UnboundLocalError: local variable 'text_to_send' referenced before assignment
05-09-2020 10:23 DEBUG: Нет возможности обаботать событие: VkBotEventType.MESSAGE_TYPING_STATE
05-09-2020 10:24 ERROR: Ошибка обработки события
Traceback (most recent call last):
  File "C:/Users/dkozyukov/PycharmProjects/python_base/chatbot/bot.py", line 63, in run
    self.on_event(event)
  File "<string>", line 2, in on_event
  File "C:\Users\dkozyukov\PycharmProjects\python_base\venv\lib\site-packages\pony\orm\core.py", line 528, in new_func
    result = func(*args, **kwargs)
  File "C:/Users/dkozyukov/PycharmProjects/python_base/chatbot/bot.py", line 82, in on_event
    self.continue_scenario(text, state, user_id)
  File "C:/Users/dkozyukov/PycharmProjects/python_base/chatbot/bot.py", line 199, in continue_scenario
    text_to_send = self.city_handler(state, step)
  File "C:/Users/dkozyukov/PycharmProjects/python_base/chatbot/bot.py", line 157, in city_handler
    return text_to_send
UnboundLocalError: local variable 'text_to_send' referenced before assignment
05-09-2020 10:25 DEBUG: Нет возможности обаботать событие: VkBotEventType.MESSAGE_TYPING_STATE
05-09-2020 10:25 DEBUG: Нет возможности обаботать событие: VkBotEventType.MESSAGE_REPLY
05-09-2020 10:25 ERROR: Ошибка обработки события
Traceback (most recent call last):
  File "C:/Users/dkozyukov/PycharmProjects/python_base/chatbot/bot.py", line 63, in run
    self.on_event(event)
  File "<string>", line 2, in on_event
  File "C:\Users\dkozyukov\PycharmProjects\python_base\venv\lib\site-packages\pony\orm\core.py", line 528, in new_func
    result = func(*args, **kwargs)
  File "C:/Users/dkozyukov/PycharmProjects/python_base/chatbot/bot.py", line 82, in on_event
    self.continue_scenario(text, state, user_id)
  File "C:/Users/dkozyukov/PycharmProjects/python_base/chatbot/bot.py", line 243, in continue_scenario
    self.send_step(next_step, user_id, text, state, text_to_send)
  File "C:/Users/dkozyukov/PycharmProjects/python_base/chatbot/bot.py", line 135, in send_step
    self.send_text(text_to_send, user_id)
  File "C:/Users/dkozyukov/PycharmProjects/python_base/chatbot/bot.py", line 100, in send_text
    self.api.messages.send(message=text_to_send,
  File "C:\Users\dkozyukov\PycharmProjects\python_base\venv\lib\site-packages\vk_api\vk_api.py", line 681, in __call__
    return self._vk.method(self._method, kwargs)
  File "C:\Users\dkozyukov\PycharmProjects\python_base\venv\lib\site-packages\vk_api\vk_api.py", line 646, in method
    raise error
vk_api.exceptions.ApiError: [100] One of the parameters specified was missing or invalid: message is empty or invalid
05-09-2020 10:26 DEBUG: Нет возможности обаботать событие: VkBotEventType.MESSAGE_TYPING_STATE
05-09-2020 10:29 DEBUG: Нет возможности обаботать событие: VkBotEventType.MESSAGE_TYPING_STATE
05-09-2020 10:29 DEBUG: Нет возможности обаботать событие: VkBotEventType.MESSAGE_REPLY
05-09-2020 10:29 DEBUG: Нет возможности обаботать событие: VkBotEventType.MESSAGE_REPLY
05-09-2020 10:29 DEBUG: Нет возможности обаботать событие: VkBotEventType.MESSAGE_TYPING_STATE
05-09-2020 10:29 DEBUG: Нет возможности обаботать событие: VkBotEventType.MESSAGE_REPLY
05-09-2020 10:29 DEBUG: Нет возможности обаботать событие: VkBotEventType.MESSAGE_TYPING_STATE
05-09-2020 10:29 DEBUG: Нет возможности обаботать событие: VkBotEventType.MESSAGE_REPLY
05-09-2020 10:29 DEBUG: Нет возможности обаботать событие: VkBotEventType.MESSAGE_REPLY
05-09-2020 10:29 DEBUG: Нет возможности обаботать событие: VkBotEventType.MESSAGE_TYPING_STATE
05-09-2020 10:29 DEBUG: Нет возможности обаботать событие: VkBotEventType.MESSAGE_REPLY
05-09-2020 10:30 DEBUG: Нет возможности обаботать событие: VkBotEventType.MESSAGE_REPLY
05-09-2020 10:30 DEBUG: Нет возможности обаботать событие: VkBotEventType.MESSAGE_TYPING_STATE
05-09-2020 10:30 DEBUG: Нет возможности обаботать событие: VkBotEventType.MESSAGE_REPLY
05-09-2020 10:30 INFO: Выполнена бронь! Отправление Москва, прибытие Берлин, дата 15-09-2020
05-09-2020 10:30 DEBUG: Нет возможности обаботать событие: VkBotEventType.MESSAGE_REPLY
05-09-2020 10:30 DEBUG: Нет возможности обаботать событие: VkBotEventType.MESSAGE_REPLY
